<!DOCTYPE html PUBLIC "-//W3C//DTD XHTML 1.1//EN" "http://www.w3.org/TR/xhtml11/DTD/xhtml11.dtd">
<html xmlns="http://www.w3.org/1999/xhtml"><head><title>TestNG Report</title><style type="text/css">table {margin-bottom:10px;border-collapse:collapse;empty-cells:show}th,td {border:1px solid #009;padding:.25em .5em}th {vertical-align:bottom}td {vertical-align:top}table a {font-weight:bold}.stripe td {background-color: #E6EBF9}.num {text-align:right}.passedodd td {background-color: #3F3}.passedeven td {background-color: #0A0}.skippedodd td {background-color: #DDD}.skippedeven td {background-color: #CCC}.failedodd td,.attn {background-color: #F33}.failedeven td,.stripe .attn {background-color: #D00}.stacktrace {white-space:pre;font-family:monospace}.totop {font-size:85%;text-align:center;border-bottom:2px solid #000}</style></head><body><table><tr><th>Test</th><th># Passed</th><th># Skipped</th><th># Failed</th><th>Time (ms)</th><th>Included Groups</th><th>Excluded Groups</th></tr><tr><th colspan="7">User acceptance TestSuite</th></tr><tr><td><a href="#t0">Expense Tracker Validattion</a></td><td class="num">28</td><td class="num">0</td><td class="num attn">9</td><td class="num">116,976</td><td></td><td></td></tr></table><table><thead><tr><th>Class</th><th>Method</th><th>Start</th><th>Time (ms)</th></tr></thead><tbody><tr><th colspan="4">User acceptance TestSuite</th></tr></tbody><tbody id="t0"><tr><th colspan="4">Expense Tracker Validattion &#8212; failed</th></tr><tr class="failedeven"><td rowspan="4">testClassPackage.TestClass</td><td><a href="#m0">testcase1_create_new_user</a></td><td rowspan="2">1508115601094</td><td rowspan="2">816</td></tr><tr class="failedeven"><td><a href="#m1">testcase1_create_new_user</a></td></tr><tr class="failedeven"><td><a href="#m2">testcase2_login_to_tracker</a></td><td rowspan="2">1508115612841</td><td rowspan="2">2706</td></tr><tr class="failedeven"><td><a href="#m3">testcase2_login_to_tracker</a></td></tr><tr class="failedodd"><td rowspan="5">testClassPackage.TestClass1</td><td><a href="#m4">testcase8_edit_user_account</a></td><td rowspan="4">1508115681386</td><td rowspan="4">1163</td></tr><tr class="failedodd"><td><a href="#m5">testcase8_edit_user_account</a></td></tr><tr class="failedodd"><td><a href="#m6">testcase8_edit_user_account</a></td></tr><tr class="failedodd"><td><a href="#m7">testcase8_edit_user_account</a></td></tr><tr class="failedodd"><td><a href="#m8">testcase9_edit_user_name</a></td><td rowspan="1">1508115684818</td><td rowspan="1">701</td></tr><tr><th colspan="4">Expense Tracker Validattion &#8212; passed</th></tr><tr class="passedeven"><td rowspan="2">testClassPackage.TestClass</td><td><a href="#m9">testcase1_create_new_user</a></td><td rowspan="1">1508115584689</td><td rowspan="1">1934</td></tr><tr class="passedeven"><td><a href="#m10">testcase2_login_to_tracker</a></td><td rowspan="1">1508115606885</td><td rowspan="1">1059</td></tr><tr class="passedodd"><td rowspan="26">testClassPackage.TestClass1</td><td><a href="#m11">testcase1_create_category</a></td><td rowspan="8">1508115632667</td><td rowspan="8">1833</td></tr><tr class="passedodd"><td><a href="#m12">testcase1_create_category</a></td></tr><tr class="passedodd"><td><a href="#m13">testcase1_create_category</a></td></tr><tr class="passedodd"><td><a href="#m14">testcase1_create_category</a></td></tr><tr class="passedodd"><td><a href="#m15">testcase1_create_category</a></td></tr><tr class="passedodd"><td><a href="#m16">testcase1_create_category</a></td></tr><tr class="passedodd"><td><a href="#m17">testcase1_create_category</a></td></tr><tr class="passedodd"><td><a href="#m18">testcase1_create_category</a></td></tr><tr class="passedodd"><td><a href="#m19">testcase2_edit_category</a></td><td rowspan="1">1508115643603</td><td rowspan="1">2130</td></tr><tr class="passedodd"><td><a href="#m20">testcase3_delete_category</a></td><td rowspan="1">1508115645733</td><td rowspan="1">816</td></tr><tr class="passedodd"><td><a href="#m21">testcase4_add_expenses</a></td><td rowspan="12">1508115653155</td><td rowspan="12">1580</td></tr><tr class="passedodd"><td><a href="#m22">testcase4_add_expenses</a></td></tr><tr class="passedodd"><td><a href="#m23">testcase4_add_expenses</a></td></tr><tr class="passedodd"><td><a href="#m24">testcase4_add_expenses</a></td></tr><tr class="passedodd"><td><a href="#m25">testcase4_add_expenses</a></td></tr><tr class="passedodd"><td><a href="#m26">testcase4_add_expenses</a></td></tr><tr class="passedodd"><td><a href="#m27">testcase4_add_expenses</a></td></tr><tr class="passedodd"><td><a href="#m28">testcase4_add_expenses</a></td></tr><tr class="passedodd"><td><a href="#m29">testcase4_add_expenses</a></td></tr><tr class="passedodd"><td><a href="#m30">testcase4_add_expenses</a></td></tr><tr class="passedodd"><td><a href="#m31">testcase4_add_expenses</a></td></tr><tr class="passedodd"><td><a href="#m32">testcase4_add_expenses</a></td></tr><tr class="passedodd"><td><a href="#m33">testcase5_edit_expenses</a></td><td rowspan="1">1508115666088</td><td rowspan="1">1964</td></tr><tr class="passedodd"><td><a href="#m34">testcase6_delete_expenses</a></td><td rowspan="1">1508115668052</td><td rowspan="1">102</td></tr><tr class="passedodd"><td><a href="#m35">testcase7_list_expenses</a></td><td rowspan="1">1508115668154</td><td rowspan="1">11344</td></tr><tr class="passedodd"><td><a href="#m36">testcase8_edit_user_account</a></td><td rowspan="1">1508115683467</td><td rowspan="1">1351</td></tr></tbody></table><h2>Expense Tracker Validattion</h2><h3 id="m0">testClassPackage.TestClass#testcase1_create_new_user</h3><table class="result"><tr class="param"><th>Parameter #1</th><th>Parameter #2</th><th>Parameter #3</th></tr><tr class="param stripe"><td>Ramesh1</td><td>1234</td><td>abcd</td></tr><tr><th colspan="3">Exception</th></tr><tr><td colspan="3"><div class="stacktrace">org.openqa.selenium.UnhandledAlertException: : 
Build info: version: &apos;3.6.0&apos;, revision: &apos;6fbf3ec767&apos;, time: &apos;2017-09-27T15:28:36.4Z&apos;
System info: host: &apos;DESKTOP-S094UKO&apos;, ip: &apos;192.168.56.1&apos;, os.name: &apos;Windows 10&apos;, os.arch: &apos;amd64&apos;, os.version: &apos;10.0&apos;, java.version: &apos;1.8.0_144&apos;
Driver info: org.openqa.selenium.firefox.FirefoxDriver
Capabilities [{moz:profile=C:\Users\HP\AppData\Local\Temp\rust_mozprofile.bMc3Bm1eWG6N, rotatable=false, timeouts={implicit=0, pageLoad=300000, script=30000}, pageLoadStrategy=normal, moz:headless=false, platform=XP, specificationLevel=0, moz:accessibilityChecks=false, acceptInsecureCerts=true, browserVersion=56.0.1, platformVersion=10.0, moz:processID=7868, browserName=firefox, javascriptEnabled=true, platformName=XP}]
Session ID: 4c20b037-5ce7-4e76-aa76-a4b6d1b960a3
*** Element info: {Using=id, value=logout}
	at org.openqa.selenium.remote.http.W3CHttpResponseCodec.decode(W3CHttpResponseCodec.java:118)
	at org.openqa.selenium.remote.http.W3CHttpResponseCodec.decode(W3CHttpResponseCodec.java:49)
	at org.openqa.selenium.remote.HttpCommandExecutor.execute(HttpCommandExecutor.java:164)
	at org.openqa.selenium.remote.service.DriverCommandExecutor.execute(DriverCommandExecutor.java:83)
	at org.openqa.selenium.remote.RemoteWebDriver.execute(RemoteWebDriver.java:586)
	at org.openqa.selenium.remote.RemoteWebDriver.findElement(RemoteWebDriver.java:356)
	at org.openqa.selenium.remote.RemoteWebDriver.findElementById(RemoteWebDriver.java:402)
	at org.openqa.selenium.By$ById.findElement(By.java:218)
	at org.openqa.selenium.remote.RemoteWebDriver.findElement(RemoteWebDriver.java:348)
	at pageObjectsPackage.NewUserRegistrationPage.verifyRegistration(NewUserRegistrationPage.java:46)
	at pageObjectsPackage.NewUserRegistrationPage.newUserRegistration(NewUserRegistrationPage.java:61)
	at testClassPackage.TestClass.testcase1_create_new_user(TestClass.java:48)
... Removed 27 stack frames</div></td></tr></table><p class="totop"><a href="#summary">back to summary</a></p><h3 id="m1">testClassPackage.TestClass#testcase1_create_new_user</h3><table class="result"><tr class="param"><th>Parameter #1</th><th>Parameter #2</th><th>Parameter #3</th></tr><tr class="param stripe"><td>Ramesh</td><td>1234</td><td>1234</td></tr><tr><th colspan="3">Exception</th></tr><tr><td colspan="3"><div class="stacktrace">org.openqa.selenium.NoSuchElementException: Unable to locate element: #logout
For documentation on this error, please visit: http://seleniumhq.org/exceptions/no_such_element.html
Build info: version: &apos;3.6.0&apos;, revision: &apos;6fbf3ec767&apos;, time: &apos;2017-09-27T15:28:36.4Z&apos;
System info: host: &apos;DESKTOP-S094UKO&apos;, ip: &apos;192.168.56.1&apos;, os.name: &apos;Windows 10&apos;, os.arch: &apos;amd64&apos;, os.version: &apos;10.0&apos;, java.version: &apos;1.8.0_144&apos;
Driver info: org.openqa.selenium.firefox.FirefoxDriver
Capabilities [{moz:profile=C:\Users\HP\AppData\Local\Temp\rust_mozprofile.0b5qSrqhrEdq, rotatable=false, timeouts={implicit=0, pageLoad=300000, script=30000}, pageLoadStrategy=normal, moz:headless=false, platform=XP, specificationLevel=0, moz:accessibilityChecks=false, acceptInsecureCerts=true, browserVersion=56.0.1, platformVersion=10.0, moz:processID=4060, browserName=firefox, javascriptEnabled=true, platformName=XP}]
Session ID: a46700d4-4b2e-4b3f-87e8-b59e94a5d690
*** Element info: {Using=id, value=logout}
	at org.openqa.selenium.remote.http.W3CHttpResponseCodec.createException(W3CHttpResponseCodec.java:185)
	at org.openqa.selenium.remote.http.W3CHttpResponseCodec.decode(W3CHttpResponseCodec.java:120)
	at org.openqa.selenium.remote.http.W3CHttpResponseCodec.decode(W3CHttpResponseCodec.java:49)
	at org.openqa.selenium.remote.HttpCommandExecutor.execute(HttpCommandExecutor.java:164)
	at org.openqa.selenium.remote.service.DriverCommandExecutor.execute(DriverCommandExecutor.java:83)
	at org.openqa.selenium.remote.RemoteWebDriver.execute(RemoteWebDriver.java:586)
	at org.openqa.selenium.remote.RemoteWebDriver.findElement(RemoteWebDriver.java:356)
	at org.openqa.selenium.remote.RemoteWebDriver.findElementById(RemoteWebDriver.java:402)
	at org.openqa.selenium.By$ById.findElement(By.java:218)
	at org.openqa.selenium.remote.RemoteWebDriver.findElement(RemoteWebDriver.java:348)
	at pageObjectsPackage.NewUserRegistrationPage.verifyRegistration(NewUserRegistrationPage.java:46)
	at pageObjectsPackage.NewUserRegistrationPage.newUserRegistration(NewUserRegistrationPage.java:61)
	at testClassPackage.TestClass.testcase1_create_new_user(TestClass.java:48)
... Removed 31 stack frames</div></td></tr></table><p class="totop"><a href="#summary">back to summary</a></p><h3 id="m2">testClassPackage.TestClass#testcase2_login_to_tracker</h3><table class="result"><tr class="param"><th>Parameter #1</th><th>Parameter #2</th></tr><tr class="param stripe"><td>wrongusername</td><td>pass1</td></tr><tr><th colspan="2">Exception</th></tr><tr><td colspan="2"><div class="stacktrace">org.openqa.selenium.NoSuchElementException: Unable to locate element: #logout
For documentation on this error, please visit: http://seleniumhq.org/exceptions/no_such_element.html
Build info: version: &apos;3.6.0&apos;, revision: &apos;6fbf3ec767&apos;, time: &apos;2017-09-27T15:28:36.4Z&apos;
System info: host: &apos;DESKTOP-S094UKO&apos;, ip: &apos;192.168.56.1&apos;, os.name: &apos;Windows 10&apos;, os.arch: &apos;amd64&apos;, os.version: &apos;10.0&apos;, java.version: &apos;1.8.0_144&apos;
Driver info: org.openqa.selenium.firefox.FirefoxDriver
Capabilities [{moz:profile=C:\Users\HP\AppData\Local\Temp\rust_mozprofile.o0vIOuJ2iBhE, rotatable=false, timeouts={implicit=0, pageLoad=300000, script=30000}, pageLoadStrategy=normal, moz:headless=false, platform=XP, specificationLevel=0, moz:accessibilityChecks=false, acceptInsecureCerts=true, browserVersion=56.0.1, platformVersion=10.0, moz:processID=4700, browserName=firefox, javascriptEnabled=true, platformName=XP}]
Session ID: eeca8926-add3-4b57-baf3-fd04abdbcfc6
*** Element info: {Using=id, value=logout}
	at org.openqa.selenium.remote.http.W3CHttpResponseCodec.createException(W3CHttpResponseCodec.java:185)
	at org.openqa.selenium.remote.http.W3CHttpResponseCodec.decode(W3CHttpResponseCodec.java:120)
	at org.openqa.selenium.remote.http.W3CHttpResponseCodec.decode(W3CHttpResponseCodec.java:49)
	at org.openqa.selenium.remote.HttpCommandExecutor.execute(HttpCommandExecutor.java:164)
	at org.openqa.selenium.remote.service.DriverCommandExecutor.execute(DriverCommandExecutor.java:83)
	at org.openqa.selenium.remote.RemoteWebDriver.execute(RemoteWebDriver.java:586)
	at org.openqa.selenium.remote.RemoteWebDriver.findElement(RemoteWebDriver.java:356)
	at org.openqa.selenium.remote.RemoteWebDriver.findElementById(RemoteWebDriver.java:402)
	at org.openqa.selenium.By$ById.findElement(By.java:218)
	at org.openqa.selenium.remote.RemoteWebDriver.findElement(RemoteWebDriver.java:348)
	at pageObjectsPackage.LoginPage.verifyLogin(LoginPage.java:34)
	at pageObjectsPackage.LoginPage.loginToExpenseTracker(LoginPage.java:47)
	at testClassPackage.TestClass.testcase2_login_to_tracker(TestClass.java:62)
... Removed 31 stack frames</div></td></tr></table><p class="totop"><a href="#summary">back to summary</a></p><h3 id="m3">testClassPackage.TestClass#testcase2_login_to_tracker</h3><table class="result"><tr class="param"><th>Parameter #1</th><th>Parameter #2</th></tr><tr class="param stripe"><td>Ramesh</td><td>wrongpassword</td></tr><tr><th colspan="2">Exception</th></tr><tr><td colspan="2"><div class="stacktrace">org.openqa.selenium.NoSuchElementException: Unable to locate element: #logout
For documentation on this error, please visit: http://seleniumhq.org/exceptions/no_such_element.html
Build info: version: &apos;3.6.0&apos;, revision: &apos;6fbf3ec767&apos;, time: &apos;2017-09-27T15:28:36.4Z&apos;
System info: host: &apos;DESKTOP-S094UKO&apos;, ip: &apos;192.168.56.1&apos;, os.name: &apos;Windows 10&apos;, os.arch: &apos;amd64&apos;, os.version: &apos;10.0&apos;, java.version: &apos;1.8.0_144&apos;
Driver info: org.openqa.selenium.firefox.FirefoxDriver
Capabilities [{moz:profile=C:\Users\HP\AppData\Local\Temp\rust_mozprofile.udiB2ACqy4kT, rotatable=false, timeouts={implicit=0, pageLoad=300000, script=30000}, pageLoadStrategy=normal, moz:headless=false, platform=XP, specificationLevel=0, moz:accessibilityChecks=false, acceptInsecureCerts=true, browserVersion=56.0.1, platformVersion=10.0, moz:processID=3788, browserName=firefox, javascriptEnabled=true, platformName=XP}]
Session ID: 4f0560f3-b092-4ea8-a324-2589abcda31d
*** Element info: {Using=id, value=logout}
	at org.openqa.selenium.remote.http.W3CHttpResponseCodec.createException(W3CHttpResponseCodec.java:185)
	at org.openqa.selenium.remote.http.W3CHttpResponseCodec.decode(W3CHttpResponseCodec.java:120)
	at org.openqa.selenium.remote.http.W3CHttpResponseCodec.decode(W3CHttpResponseCodec.java:49)
	at org.openqa.selenium.remote.HttpCommandExecutor.execute(HttpCommandExecutor.java:164)
	at org.openqa.selenium.remote.service.DriverCommandExecutor.execute(DriverCommandExecutor.java:83)
	at org.openqa.selenium.remote.RemoteWebDriver.execute(RemoteWebDriver.java:586)
	at org.openqa.selenium.remote.RemoteWebDriver.findElement(RemoteWebDriver.java:356)
	at org.openqa.selenium.remote.RemoteWebDriver.findElementById(RemoteWebDriver.java:402)
	at org.openqa.selenium.By$ById.findElement(By.java:218)
	at org.openqa.selenium.remote.RemoteWebDriver.findElement(RemoteWebDriver.java:348)
	at pageObjectsPackage.LoginPage.verifyLogin(LoginPage.java:34)
	at pageObjectsPackage.LoginPage.loginToExpenseTracker(LoginPage.java:47)
	at testClassPackage.TestClass.testcase2_login_to_tracker(TestClass.java:62)
... Removed 31 stack frames</div></td></tr></table><p class="totop"><a href="#summary">back to summary</a></p><h3 id="m4">testClassPackage.TestClass1#testcase8_edit_user_account</h3><table class="result"><tr class="param"><th>Parameter #1</th><th>Parameter #2</th><th>Parameter #3</th></tr><tr class="param stripe"><td> </td><td>pass2</td><td>pass2</td></tr><tr><th colspan="3">Exception</th></tr><tr><td colspan="3"><div class="stacktrace">java.lang.AssertionError: expected [http://thawing-shelf-73260.herokuapp.com/listexpenses] but found [http://thawing-shelf-73260.herokuapp.com/editaccount]
	at pageObjectsPackage.EditUserAccount.verifyEditAccount(EditUserAccount.java:66)
	at pageObjectsPackage.EditUserAccount.editUserAccount(EditUserAccount.java:81)
	at testClassPackage.TestClass1.testcase8_edit_user_account(TestClass1.java:119)
... Removed 32 stack frames</div></td></tr></table><p class="totop"><a href="#summary">back to summary</a></p><h3 id="m5">testClassPackage.TestClass1#testcase8_edit_user_account</h3><table class="result"><tr class="param"><th>Parameter #1</th><th>Parameter #2</th><th>Parameter #3</th></tr><tr class="param stripe"><td>pass1</td><td>pass2</td><td>pass3</td></tr><tr><th colspan="3">Messages</th></tr><tr><td colspan="3"><div class="messages">pop up alert displaying error message: &apos;Error: New Passwords aren&apos;t equal!&apos;<br/>user account edit is not successful</div></td></tr><tr><th colspan="3">Exception</th></tr><tr><td colspan="3"><div class="stacktrace">java.lang.AssertionError: expected [http://thawing-shelf-73260.herokuapp.com/listexpenses] but found [http://thawing-shelf-73260.herokuapp.com/editaccount.jsp]
	at pageObjectsPackage.EditUserAccount.verifyEditAccount(EditUserAccount.java:66)
	at pageObjectsPackage.EditUserAccount.editUserAccount(EditUserAccount.java:81)
	at testClassPackage.TestClass1.testcase8_edit_user_account(TestClass1.java:119)
... Removed 32 stack frames</div></td></tr></table><p class="totop"><a href="#summary">back to summary</a></p><h3 id="m6">testClassPackage.TestClass1#testcase8_edit_user_account</h3><table class="result"><tr class="param"><th>Parameter #1</th><th>Parameter #2</th><th>Parameter #3</th></tr><tr class="param stripe"><td>pass1</td><td>pass2</td><td> </td></tr><tr><th colspan="3">Messages</th></tr><tr><td colspan="3"><div class="messages">pop up alert displaying error message: &apos;Error: New Passwords aren&apos;t equal!&apos;<br/>user account edit is not successful</div></td></tr><tr><th colspan="3">Exception</th></tr><tr><td colspan="3"><div class="stacktrace">java.lang.AssertionError: expected [http://thawing-shelf-73260.herokuapp.com/listexpenses] but found [http://thawing-shelf-73260.herokuapp.com/editaccount.jsp]
	at pageObjectsPackage.EditUserAccount.verifyEditAccount(EditUserAccount.java:66)
	at pageObjectsPackage.EditUserAccount.editUserAccount(EditUserAccount.java:81)
	at testClassPackage.TestClass1.testcase8_edit_user_account(TestClass1.java:119)
... Removed 32 stack frames</div></td></tr></table><p class="totop"><a href="#summary">back to summary</a></p><h3 id="m7">testClassPackage.TestClass1#testcase8_edit_user_account</h3><table class="result"><tr class="param"><th>Parameter #1</th><th>Parameter #2</th><th>Parameter #3</th></tr><tr class="param stripe"><td>pass1 </td><td> </td><td>pass2</td></tr><tr><th colspan="3">Messages</th></tr><tr><td colspan="3"><div class="messages">pop up alert displaying error message: &apos;Error: New Passwords aren&apos;t equal!&apos;<br/>user account edit is not successful</div></td></tr><tr><th colspan="3">Exception</th></tr><tr><td colspan="3"><div class="stacktrace">java.lang.AssertionError: expected [http://thawing-shelf-73260.herokuapp.com/listexpenses] but found [http://thawing-shelf-73260.herokuapp.com/editaccount.jsp]
	at pageObjectsPackage.EditUserAccount.verifyEditAccount(EditUserAccount.java:66)
	at pageObjectsPackage.EditUserAccount.editUserAccount(EditUserAccount.java:81)
	at testClassPackage.TestClass1.testcase8_edit_user_account(TestClass1.java:119)
... Removed 32 stack frames</div></td></tr></table><p class="totop"><a href="#summary">back to summary</a></p><h3 id="m8">testClassPackage.TestClass1#testcase9_edit_user_name</h3><table class="result"><tr><th>Messages</th></tr><tr><td><div class="messages">Is user name is enabled to edit ? : false<br/>User Name cannot be modified</div></td></tr><tr><th>Exception</th></tr><tr><td><div class="stacktrace">org.openqa.selenium.InvalidElementStateException: Element is not enabled
Build info: version: &apos;3.6.0&apos;, revision: &apos;6fbf3ec767&apos;, time: &apos;2017-09-27T15:28:36.4Z&apos;
System info: host: &apos;DESKTOP-S094UKO&apos;, ip: &apos;192.168.56.1&apos;, os.name: &apos;Windows 10&apos;, os.arch: &apos;amd64&apos;, os.version: &apos;10.0&apos;, java.version: &apos;1.8.0_144&apos;
Driver info: org.openqa.selenium.firefox.FirefoxDriver
Capabilities [{moz:profile=C:\Users\HP\AppData\Local\Temp\rust_mozprofile.XJ9K430cO2p8, rotatable=false, timeouts={implicit=0, pageLoad=300000, script=30000}, pageLoadStrategy=normal, moz:headless=false, platform=XP, specificationLevel=0, moz:accessibilityChecks=false, acceptInsecureCerts=true, browserVersion=56.0.1, platformVersion=10.0, moz:processID=8004, browserName=firefox, javascriptEnabled=true, platformName=XP}]
Session ID: 49ecf768-6ab6-4990-96e9-387463217835
	at org.openqa.selenium.remote.http.W3CHttpResponseCodec.createException(W3CHttpResponseCodec.java:185)
	at org.openqa.selenium.remote.http.W3CHttpResponseCodec.decode(W3CHttpResponseCodec.java:120)
	at org.openqa.selenium.remote.http.W3CHttpResponseCodec.decode(W3CHttpResponseCodec.java:49)
	at org.openqa.selenium.remote.HttpCommandExecutor.execute(HttpCommandExecutor.java:164)
	at org.openqa.selenium.remote.service.DriverCommandExecutor.execute(DriverCommandExecutor.java:83)
	at org.openqa.selenium.remote.RemoteWebDriver.execute(RemoteWebDriver.java:586)
	at org.openqa.selenium.remote.RemoteWebElement.execute(RemoteWebElement.java:279)
	at org.openqa.selenium.remote.RemoteWebElement.click(RemoteWebElement.java:83)
	at pageObjectsPackage.EditUserAccount.validateEditUserName(EditUserAccount.java:91)
	at testClassPackage.TestClass1.testcase9_edit_user_name(TestClass1.java:124)
... Removed 31 stack frames</div></td></tr></table><p class="totop"><a href="#summary">back to summary</a></p><h3 id="m9">testClassPackage.TestClass#testcase1_create_new_user</h3><table class="result"><tr class="param"><th>Parameter #1</th><th>Parameter #2</th><th>Parameter #3</th></tr><tr class="param stripe"><td>Ramesh</td><td>pass1</td><td>pass1</td></tr><tr><th colspan="3">Messages</th></tr><tr><td colspan="3"><div class="messages">Log out button found with id, New user registration is successful</div></td></tr></table><p class="totop"><a href="#summary">back to summary</a></p><h3 id="m10">testClassPackage.TestClass#testcase2_login_to_tracker</h3><table class="result"><tr class="param"><th>Parameter #1</th><th>Parameter #2</th></tr><tr class="param stripe"><td>Ramesh</td><td>pass1</td></tr><tr><th colspan="2">Messages</th></tr><tr><td colspan="2"><div class="messages">Login with valid credentials is successful</div></td></tr></table><p class="totop"><a href="#summary">back to summary</a></p><h3 id="m11">testClassPackage.TestClass1#testcase1_create_category</h3><table class="result"><tr class="param"><th>Parameter #1</th></tr><tr class="param stripe"><td>audi</td></tr></table><p class="totop"><a href="#summary">back to summary</a></p><h3 id="m12">testClassPackage.TestClass1#testcase1_create_category</h3><table class="result"><tr class="param"><th>Parameter #1</th></tr><tr class="param stripe"><td>school fee</td></tr></table><p class="totop"><a href="#summary">back to summary</a></p><h3 id="m13">testClassPackage.TestClass1#testcase1_create_category</h3><table class="result"><tr class="param"><th>Parameter #1</th></tr><tr class="param stripe"><td>hostel fee</td></tr></table><p class="totop"><a href="#summary">back to summary</a></p><h3 id="m14">testClassPackage.TestClass1#testcase1_create_category</h3><table class="result"><tr class="param"><th>Parameter #1</th></tr><tr class="param stripe"><td>education loan</td></tr></table><p class="totop"><a href="#summary">back to summary</a></p><h3 id="m15">testClassPackage.TestClass1#testcase1_create_category</h3><table class="result"><tr class="param"><th>Parameter #1</th></tr><tr class="param stripe"><td>bmw</td></tr></table><p class="totop"><a href="#summary">back to summary</a></p><h3 id="m16">testClassPackage.TestClass1#testcase1_create_category</h3><table class="result"><tr class="param"><th>Parameter #1</th></tr><tr class="param stripe"><td>benz</td></tr></table><p class="totop"><a href="#summary">back to summary</a></p><h3 id="m17">testClassPackage.TestClass1#testcase1_create_category</h3><table class="result"><tr class="param"><th>Parameter #1</th></tr><tr class="param stripe"><td>honda</td></tr></table><p class="totop"><a href="#summary">back to summary</a></p><h3 id="m18">testClassPackage.TestClass1#testcase1_create_category</h3><table class="result"><tr class="param"><th>Parameter #1</th></tr><tr class="param stripe"><td>Home loan</td></tr></table><p class="totop"><a href="#summary">back to summary</a></p><h3 id="m19">testClassPackage.TestClass1#testcase2_edit_category</h3><table class="result"><tr><th>Messages</th></tr><tr><td><div class="messages">clicked to edit the listed category</div></td></tr></table><p class="totop"><a href="#summary">back to summary</a></p><h3 id="m20">testClassPackage.TestClass1#testcase3_delete_category</h3><table class="result"><tr><th>Messages</th></tr><tr><td><div class="messages">clicked to delete the listed category<br/>pop up alert before deleting<br/>Accepted alert message and delete successful</div></td></tr></table><p class="totop"><a href="#summary">back to summary</a></p><h3 id="m21">testClassPackage.TestClass1#testcase4_add_expenses</h3><table class="result"><tr class="param"><th>Parameter #1</th><th>Parameter #2</th><th>Parameter #3</th><th>Parameter #4</th><th>Parameter #5</th><th>Parameter #6</th></tr><tr class="param stripe"><td>13</td><td>11</td><td>2010</td><td>school fee</td><td>200</td><td>Barrowed</td></tr></table><p class="totop"><a href="#summary">back to summary</a></p><h3 id="m22">testClassPackage.TestClass1#testcase4_add_expenses</h3><table class="result"><tr class="param"><th>Parameter #1</th><th>Parameter #2</th><th>Parameter #3</th><th>Parameter #4</th><th>Parameter #5</th><th>Parameter #6</th></tr><tr class="param stripe"><td>13</td><td>10</td><td>2000</td><td>honda</td><td>200</td><td>Purchaged</td></tr></table><p class="totop"><a href="#summary">back to summary</a></p><h3 id="m23">testClassPackage.TestClass1#testcase4_add_expenses</h3><table class="result"><tr class="param"><th>Parameter #1</th><th>Parameter #2</th><th>Parameter #3</th><th>Parameter #4</th><th>Parameter #5</th><th>Parameter #6</th></tr><tr class="param stripe"><td>13</td><td>10</td><td>2000</td><td>bmw</td><td>200</td><td>Purchaged</td></tr></table><p class="totop"><a href="#summary">back to summary</a></p><h3 id="m24">testClassPackage.TestClass1#testcase4_add_expenses</h3><table class="result"><tr class="param"><th>Parameter #1</th><th>Parameter #2</th><th>Parameter #3</th><th>Parameter #4</th><th>Parameter #5</th><th>Parameter #6</th></tr><tr class="param stripe"><td>13</td><td>12</td><td>2011</td><td>school fee</td><td>200</td><td>Paid</td></tr></table><p class="totop"><a href="#summary">back to summary</a></p><h3 id="m25">testClassPackage.TestClass1#testcase4_add_expenses</h3><table class="result"><tr class="param"><th>Parameter #1</th><th>Parameter #2</th><th>Parameter #3</th><th>Parameter #4</th><th>Parameter #5</th><th>Parameter #6</th></tr><tr class="param stripe"><td>13</td><td>11</td><td>2010</td><td>education loan</td><td>200</td><td>Barrowed</td></tr></table><p class="totop"><a href="#summary">back to summary</a></p><h3 id="m26">testClassPackage.TestClass1#testcase4_add_expenses</h3><table class="result"><tr class="param"><th>Parameter #1</th><th>Parameter #2</th><th>Parameter #3</th><th>Parameter #4</th><th>Parameter #5</th><th>Parameter #6</th></tr><tr class="param stripe"><td>13</td><td>11</td><td>2013</td><td>benz</td><td>200</td><td>Purchaged</td></tr></table><p class="totop"><a href="#summary">back to summary</a></p><h3 id="m27">testClassPackage.TestClass1#testcase4_add_expenses</h3><table class="result"><tr class="param"><th>Parameter #1</th><th>Parameter #2</th><th>Parameter #3</th><th>Parameter #4</th><th>Parameter #5</th><th>Parameter #6</th></tr><tr class="param stripe"><td>13</td><td>10</td><td>2012</td><td>bmw</td><td>200</td><td>Purchaged</td></tr></table><p class="totop"><a href="#summary">back to summary</a></p><h3 id="m28">testClassPackage.TestClass1#testcase4_add_expenses</h3><table class="result"><tr class="param"><th>Parameter #1</th><th>Parameter #2</th><th>Parameter #3</th><th>Parameter #4</th><th>Parameter #5</th><th>Parameter #6</th></tr><tr class="param stripe"><td>13</td><td>11</td><td>2010</td><td>benz</td><td>200</td><td>Purchaged</td></tr></table><p class="totop"><a href="#summary">back to summary</a></p><h3 id="m29">testClassPackage.TestClass1#testcase4_add_expenses</h3><table class="result"><tr class="param"><th>Parameter #1</th><th>Parameter #2</th><th>Parameter #3</th><th>Parameter #4</th><th>Parameter #5</th><th>Parameter #6</th></tr><tr class="param stripe"><td>13</td><td>10</td><td>2012</td><td>honda</td><td>200</td><td>Purchaged</td></tr></table><p class="totop"><a href="#summary">back to summary</a></p><h3 id="m30">testClassPackage.TestClass1#testcase4_add_expenses</h3><table class="result"><tr class="param"><th>Parameter #1</th><th>Parameter #2</th><th>Parameter #3</th><th>Parameter #4</th><th>Parameter #5</th><th>Parameter #6</th></tr><tr class="param stripe"><td>13</td><td>10</td><td>2000</td><td>audi</td><td>200</td><td>Purchaged</td></tr></table><p class="totop"><a href="#summary">back to summary</a></p><h3 id="m31">testClassPackage.TestClass1#testcase4_add_expenses</h3><table class="result"><tr class="param"><th>Parameter #1</th><th>Parameter #2</th><th>Parameter #3</th><th>Parameter #4</th><th>Parameter #5</th><th>Parameter #6</th></tr><tr class="param stripe"><td>13</td><td>12</td><td>2011</td><td>hostel fee</td><td>200</td><td>Paid</td></tr></table><p class="totop"><a href="#summary">back to summary</a></p><h3 id="m32">testClassPackage.TestClass1#testcase4_add_expenses</h3><table class="result"><tr class="param"><th>Parameter #1</th><th>Parameter #2</th><th>Parameter #3</th><th>Parameter #4</th><th>Parameter #5</th><th>Parameter #6</th></tr><tr class="param stripe"><td>13</td><td>10</td><td>2012</td><td>audi</td><td>200</td><td>Purchaged</td></tr></table><p class="totop"><a href="#summary">back to summary</a></p><h3 id="m33">testClassPackage.TestClass1#testcase5_edit_expenses</h3><table class="result"><tr><th>Messages</th></tr><tr><td><div class="messages">Size of the list: 10<br/>clicked to edit the listed expenses<br/>Expense modification is successful</div></td></tr></table><p class="totop"><a href="#summary">back to summary</a></p><h3 id="m34">testClassPackage.TestClass1#testcase6_delete_expenses</h3><table class="result"><tr><th>Messages</th></tr><tr><td><div class="messages">clicked to delete the listed expenses<br/>pop up alert before deleting<br/>Accepted alert message and delete successful</div></td></tr></table><p class="totop"><a href="#summary">back to summary</a></p><h3 id="m35">testClassPackage.TestClass1#testcase7_list_expenses</h3><table class="result"><tr><th>Messages</th></tr><tr><td><div class="messages">List of expenses are :<br/>14.10.18<br/>bmw<br/>5.000,00 €<br/>edited_expense<br/><br/>13.10.12<br/>audi<br/>200,00 €<br/>Purchaged<br/><br/>13.10.12<br/>bmw<br/>200,00 €<br/>Purchaged<br/><br/>13.10.12<br/>honda<br/>200,00 €<br/>Purchaged<br/><br/>13.12.11<br/>hostel fee<br/>200,00 €<br/>Paid<br/><br/>13.12.11<br/>school fee<br/>200,00 €<br/>Paid<br/><br/>13.11.10<br/>education loan<br/>200,00 €<br/>Barrowed<br/><br/>13.11.10<br/>school fee<br/>200,00 €<br/>Barrowed<br/><br/>13.11.10<br/>benz<br/>200,00 €<br/>Purchaged<br/><br/>13.10.00<br/>audi<br/>200,00 €<br/>Purchaged<br/></div></td></tr></table><p class="totop"><a href="#summary">back to summary</a></p><h3 id="m36">testClassPackage.TestClass1#testcase8_edit_user_account</h3><table class="result"><tr class="param"><th>Parameter #1</th><th>Parameter #2</th><th>Parameter #3</th></tr><tr class="param stripe"><td>pass1</td><td>pass2</td><td>pass2</td></tr><tr><th colspan="3">Messages</th></tr><tr><td colspan="3"><div class="messages">user account edit is successful with valid inputs</div></td></tr></table><p class="totop"><a href="#summary">back to summary</a></p></body></html>