<!DOCTYPE html>

<html>
  <head>
  <title>TestNG reports</title>

    <link type="text/css" href="testng-reports.css" rel="stylesheet" />  
    <script type="text/javascript" src="jquery-1.7.1.min.js"></script>
    <script type="text/javascript" src="testng-reports.js"></script>
    <script type="text/javascript" src="https://www.google.com/jsapi"></script>
    <script type='text/javascript'>
      google.load('visualization', '1', {packages:['table']});
      google.setOnLoadCallback(drawTable);
      var suiteTableInitFunctions = new Array();
      var suiteTableData = new Array();
    </script>
    <!--
      <script type="text/javascript" src="jquery-ui/js/jquery-ui-1.8.16.custom.min.js"></script>
     -->
  </head>

  <body>
    <div class="top-banner-root">
      <span class="top-banner-title-font">Test results</span>
      <br/>
      <span class="top-banner-font-1">1 suite, 10 failed tests</span>
    </div> <!-- top-banner-root -->
    <div class="navigator-root">
      <div class="navigator-suite-header">
        <span>All suites</span>
        <a href="#" class="collapse-all-link" title="Collapse/expand all the suites">
          <img class="collapse-all-icon" src="collapseall.gif">
          </img> <!-- collapse-all-icon -->
        </a> <!-- collapse-all-link -->
      </div> <!-- navigator-suite-header -->
      <div class="suite">
        <div class="rounded-window">
          <div class="suite-header light-rounded-window-top">
            <a href="#" class="navigator-link" panel-name="suite-User_acceptance_TestSuite">
              <span class="suite-name border-failed">User acceptance TestSuite</span>
            </a> <!-- navigator-link -->
          </div> <!-- suite-header light-rounded-window-top -->
          <div class="navigator-suite-content">
            <div class="suite-section-title">
              <span>Info</span>
            </div> <!-- suite-section-title -->
            <div class="suite-section-content">
              <ul>
                <li>
                  <a href="#" class="navigator-link " panel-name="test-xml-User_acceptance_TestSuite">
                    <span>C:\Users\HP\Documents\workspace\Testing\TestNG.xml</span>
                  </a> <!-- navigator-link  -->
                </li>
                <li>
                  <a href="#" class="navigator-link " panel-name="testlist-User_acceptance_TestSuite">
                    <span class="test-stats">1 test</span>
                  </a> <!-- navigator-link  -->
                </li>
                <li>
                  <a href="#" class="navigator-link " panel-name="group-User_acceptance_TestSuite">
                    <span>0 groups</span>
                  </a> <!-- navigator-link  -->
                </li>
                <li>
                  <a href="#" class="navigator-link " panel-name="times-User_acceptance_TestSuite">
                    <span>Times</span>
                  </a> <!-- navigator-link  -->
                </li>
                <li>
                  <a href="#" class="navigator-link " panel-name="reporter-User_acceptance_TestSuite">
                    <span>Reporter output</span>
                  </a> <!-- navigator-link  -->
                </li>
                <li>
                  <a href="#" class="navigator-link " panel-name="ignored-methods-User_acceptance_TestSuite">
                    <span>Ignored methods</span>
                  </a> <!-- navigator-link  -->
                </li>
                <li>
                  <a href="#" class="navigator-link " panel-name="chronological-User_acceptance_TestSuite">
                    <span>Chronological view</span>
                  </a> <!-- navigator-link  -->
                </li>
              </ul>
            </div> <!-- suite-section-content -->
            <div class="result-section">
              <div class="suite-section-title">
                <span>Results</span>
              </div> <!-- suite-section-title -->
              <div class="suite-section-content">
                <ul>
                  <li>
                    <span class="method-stats">37 methods, 10 failed,   27 passed</span>
                  </li>
                  <li>
                    <span class="method-list-title failed">Failed methods</span>
                    <span class="show-or-hide-methods failed">
                      <a href="#" panel-name="suite-User_acceptance_TestSuite" class="hide-methods failed suite-User_acceptance_TestSuite"> (hide)</a> <!-- hide-methods failed suite-User_acceptance_TestSuite -->
                      <a href="#" panel-name="suite-User_acceptance_TestSuite" class="show-methods failed suite-User_acceptance_TestSuite"> (show)</a> <!-- show-methods failed suite-User_acceptance_TestSuite -->
                    </span>
                    <div class="method-list-content failed suite-User_acceptance_TestSuite">
                      <span>
                        <img width="3%" src="failed.png"/>
                        <a href="#" class="method navigator-link" panel-name="suite-User_acceptance_TestSuite" title="testClassPackage.TestClass" hash-for-method="testcase1_create_new_user(Ramesh, 1234, 1234)">testcase1_create_new_user(Ramesh, 1234, 1234)</a> <!-- method navigator-link -->
                      </span>
                      <br/>
                      <span>
                        <img width="3%" src="failed.png"/>
                        <a href="#" class="method navigator-link" panel-name="suite-User_acceptance_TestSuite" title="testClassPackage.TestClass" hash-for-method="testcase1_create_new_user(Ramesh1, 1234, abcd)">testcase1_create_new_user(Ramesh1, 1234, abcd)</a> <!-- method navigator-link -->
                      </span>
                      <br/>
                      <span>
                        <img width="3%" src="failed.png"/>
                        <a href="#" class="method navigator-link" panel-name="suite-User_acceptance_TestSuite" title="testClassPackage.TestClass" hash-for-method="testcase2_login_to_tracker(wrongusername, pass1)">testcase2_login_to_tracker(wrongusername, pass1)</a> <!-- method navigator-link -->
                      </span>
                      <br/>
                      <span>
                        <img width="3%" src="failed.png"/>
                        <a href="#" class="method navigator-link" panel-name="suite-User_acceptance_TestSuite" title="testClassPackage.TestClass" hash-for-method="testcase2_login_to_tracker(Ramesh, pass1)">testcase2_login_to_tracker(Ramesh, pass1)</a> <!-- method navigator-link -->
                      </span>
                      <br/>
                      <span>
                        <img width="3%" src="failed.png"/>
                        <a href="#" class="method navigator-link" panel-name="suite-User_acceptance_TestSuite" title="testClassPackage.TestClass" hash-for-method="testcase2_login_to_tracker(Ramesh, wrongpassword)">testcase2_login_to_tracker(Ramesh, wrongpassword)</a> <!-- method navigator-link -->
                      </span>
                      <br/>
                      <span>
                        <img width="3%" src="failed.png"/>
                        <a href="#" class="method navigator-link" panel-name="suite-User_acceptance_TestSuite" title="testClassPackage.TestClass1" hash-for-method="testcase8_edit_user_account(pass1, pass2,  )">testcase8_edit_user_account(pass1, pass2,  )</a> <!-- method navigator-link -->
                      </span>
                      <br/>
                      <span>
                        <img width="3%" src="failed.png"/>
                        <a href="#" class="method navigator-link" panel-name="suite-User_acceptance_TestSuite" title="testClassPackage.TestClass1" hash-for-method="testcase8_edit_user_account( , pass2, pass2)">testcase8_edit_user_account( , pass2, pass2)</a> <!-- method navigator-link -->
                      </span>
                      <br/>
                      <span>
                        <img width="3%" src="failed.png"/>
                        <a href="#" class="method navigator-link" panel-name="suite-User_acceptance_TestSuite" title="testClassPackage.TestClass1" hash-for-method="testcase8_edit_user_account(pass1, pass2, pass3)">testcase8_edit_user_account(pass1, pass2, pass3)</a> <!-- method navigator-link -->
                      </span>
                      <br/>
                      <span>
                        <img width="3%" src="failed.png"/>
                        <a href="#" class="method navigator-link" panel-name="suite-User_acceptance_TestSuite" title="testClassPackage.TestClass1" hash-for-method="testcase8_edit_user_account(pass1 ,  , pass2)">testcase8_edit_user_account(pass1 ,  , pass2)</a> <!-- method navigator-link -->
                      </span>
                      <br/>
                      <span>
                        <img width="3%" src="failed.png"/>
                        <a href="#" class="method navigator-link" panel-name="suite-User_acceptance_TestSuite" title="testClassPackage.TestClass1" hash-for-method="testcase9_edit_user_name">testcase9_edit_user_name</a> <!-- method navigator-link -->
                      </span>
                      <br/>
                    </div> <!-- method-list-content failed suite-User_acceptance_TestSuite -->
                  </li>
                  <li>
                    <span class="method-list-title passed">Passed methods</span>
                    <span class="show-or-hide-methods passed">
                      <a href="#" panel-name="suite-User_acceptance_TestSuite" class="hide-methods passed suite-User_acceptance_TestSuite"> (hide)</a> <!-- hide-methods passed suite-User_acceptance_TestSuite -->
                      <a href="#" panel-name="suite-User_acceptance_TestSuite" class="show-methods passed suite-User_acceptance_TestSuite"> (show)</a> <!-- show-methods passed suite-User_acceptance_TestSuite -->
                    </span>
                    <div class="method-list-content passed suite-User_acceptance_TestSuite">
                      <span>
                        <img width="3%" src="passed.png"/>
                        <a href="#" class="method navigator-link" panel-name="suite-User_acceptance_TestSuite" title="testClassPackage.TestClass1" hash-for-method="testcase1_create_category(Home loan)">testcase1_create_category(Home loan)</a> <!-- method navigator-link -->
                      </span>
                      <br/>
                      <span>
                        <img width="3%" src="passed.png"/>
                        <a href="#" class="method navigator-link" panel-name="suite-User_acceptance_TestSuite" title="testClassPackage.TestClass1" hash-for-method="testcase1_create_category(education loan)">testcase1_create_category(education loan)</a> <!-- method navigator-link -->
                      </span>
                      <br/>
                      <span>
                        <img width="3%" src="passed.png"/>
                        <a href="#" class="method navigator-link" panel-name="suite-User_acceptance_TestSuite" title="testClassPackage.TestClass1" hash-for-method="testcase1_create_category(honda)">testcase1_create_category(honda)</a> <!-- method navigator-link -->
                      </span>
                      <br/>
                      <span>
                        <img width="3%" src="passed.png"/>
                        <a href="#" class="method navigator-link" panel-name="suite-User_acceptance_TestSuite" title="testClassPackage.TestClass1" hash-for-method="testcase1_create_category(bmw)">testcase1_create_category(bmw)</a> <!-- method navigator-link -->
                      </span>
                      <br/>
                      <span>
                        <img width="3%" src="passed.png"/>
                        <a href="#" class="method navigator-link" panel-name="suite-User_acceptance_TestSuite" title="testClassPackage.TestClass1" hash-for-method="testcase1_create_category(hostel fee)">testcase1_create_category(hostel fee)</a> <!-- method navigator-link -->
                      </span>
                      <br/>
                      <span>
                        <img width="3%" src="passed.png"/>
                        <a href="#" class="method navigator-link" panel-name="suite-User_acceptance_TestSuite" title="testClassPackage.TestClass1" hash-for-method="testcase1_create_category(school fee)">testcase1_create_category(school fee)</a> <!-- method navigator-link -->
                      </span>
                      <br/>
                      <span>
                        <img width="3%" src="passed.png"/>
                        <a href="#" class="method navigator-link" panel-name="suite-User_acceptance_TestSuite" title="testClassPackage.TestClass1" hash-for-method="testcase1_create_category(audi)">testcase1_create_category(audi)</a> <!-- method navigator-link -->
                      </span>
                      <br/>
                      <span>
                        <img width="3%" src="passed.png"/>
                        <a href="#" class="method navigator-link" panel-name="suite-User_acceptance_TestSuite" title="testClassPackage.TestClass1" hash-for-method="testcase1_create_category(benz)">testcase1_create_category(benz)</a> <!-- method navigator-link -->
                      </span>
                      <br/>
                      <span>
                        <img width="3%" src="passed.png"/>
                        <a href="#" class="method navigator-link" panel-name="suite-User_acceptance_TestSuite" title="testClassPackage.TestClass" hash-for-method="testcase1_create_new_user(Ramesh1234, pass1, pass1)">testcase1_create_new_user(Ramesh1234, pass1, pass1)</a> <!-- method navigator-link -->
                      </span>
                      <br/>
                      <span>
                        <img width="3%" src="passed.png"/>
                        <a href="#" class="method navigator-link" panel-name="suite-User_acceptance_TestSuite" title="testClassPackage.TestClass1" hash-for-method="testcase2_edit_category">testcase2_edit_category</a> <!-- method navigator-link -->
                      </span>
                      <br/>
                      <span>
                        <img width="3%" src="passed.png"/>
                        <a href="#" class="method navigator-link" panel-name="suite-User_acceptance_TestSuite" title="testClassPackage.TestClass1" hash-for-method="testcase3_delete_category">testcase3_delete_category</a> <!-- method navigator-link -->
                      </span>
                      <br/>
                      <span>
                        <img width="3%" src="passed.png"/>
                        <a href="#" class="method navigator-link" panel-name="suite-User_acceptance_TestSuite" title="testClassPackage.TestClass1" hash-for-method="testcase4_add_expenses(13, 11, 2010, education loan, 200, Barrowed)">testcase4_add_expenses(13, 11, 2010, education loan, 200, Barrowed)</a> <!-- method navigator-link -->
                      </span>
                      <br/>
                      <span>
                        <img width="3%" src="passed.png"/>
                        <a href="#" class="method navigator-link" panel-name="suite-User_acceptance_TestSuite" title="testClassPackage.TestClass1" hash-for-method="testcase4_add_expenses(13, 12, 2011, hostel fee, 200, Paid)">testcase4_add_expenses(13, 12, 2011, hostel fee, 200, Paid)</a> <!-- method navigator-link -->
                      </span>
                      <br/>
                      <span>
                        <img width="3%" src="passed.png"/>
                        <a href="#" class="method navigator-link" panel-name="suite-User_acceptance_TestSuite" title="testClassPackage.TestClass1" hash-for-method="testcase4_add_expenses(13, 10, 2000, audi, 200, Purchaged)">testcase4_add_expenses(13, 10, 2000, audi, 200, Purchaged)</a> <!-- method navigator-link -->
                      </span>
                      <br/>
                      <span>
                        <img width="3%" src="passed.png"/>
                        <a href="#" class="method navigator-link" panel-name="suite-User_acceptance_TestSuite" title="testClassPackage.TestClass1" hash-for-method="testcase4_add_expenses(13, 10, 2000, honda, 200, Purchaged)">testcase4_add_expenses(13, 10, 2000, honda, 200, Purchaged)</a> <!-- method navigator-link -->
                      </span>
                      <br/>
                      <span>
                        <img width="3%" src="passed.png"/>
                        <a href="#" class="method navigator-link" panel-name="suite-User_acceptance_TestSuite" title="testClassPackage.TestClass1" hash-for-method="testcase4_add_expenses(13, 10, 2000, bmw, 200, Purchaged)">testcase4_add_expenses(13, 10, 2000, bmw, 200, Purchaged)</a> <!-- method navigator-link -->
                      </span>
                      <br/>
                      <span>
                        <img width="3%" src="passed.png"/>
                        <a href="#" class="method navigator-link" panel-name="suite-User_acceptance_TestSuite" title="testClassPackage.TestClass1" hash-for-method="testcase4_add_expenses(13, 10, 2012, bmw, 200, Purchaged)">testcase4_add_expenses(13, 10, 2012, bmw, 200, Purchaged)</a> <!-- method navigator-link -->
                      </span>
                      <br/>
                      <span>
                        <img width="3%" src="passed.png"/>
                        <a href="#" class="method navigator-link" panel-name="suite-User_acceptance_TestSuite" title="testClassPackage.TestClass1" hash-for-method="testcase4_add_expenses(13, 11, 2010, benz, 200, Purchaged)">testcase4_add_expenses(13, 11, 2010, benz, 200, Purchaged)</a> <!-- method navigator-link -->
                      </span>
                      <br/>
                      <span>
                        <img width="3%" src="passed.png"/>
                        <a href="#" class="method navigator-link" panel-name="suite-User_acceptance_TestSuite" title="testClassPackage.TestClass1" hash-for-method="testcase4_add_expenses(13, 11, 2010, school fee, 200, Barrowed)">testcase4_add_expenses(13, 11, 2010, school fee, 200, Barrowed)</a> <!-- method navigator-link -->
                      </span>
                      <br/>
                      <span>
                        <img width="3%" src="passed.png"/>
                        <a href="#" class="method navigator-link" panel-name="suite-User_acceptance_TestSuite" title="testClassPackage.TestClass1" hash-for-method="testcase4_add_expenses(13, 12, 2011, school fee, 200, Paid)">testcase4_add_expenses(13, 12, 2011, school fee, 200, Paid)</a> <!-- method navigator-link -->
                      </span>
                      <br/>
                      <span>
                        <img width="3%" src="passed.png"/>
                        <a href="#" class="method navigator-link" panel-name="suite-User_acceptance_TestSuite" title="testClassPackage.TestClass1" hash-for-method="testcase4_add_expenses(13, 11, 2013, benz, 200, Purchaged)">testcase4_add_expenses(13, 11, 2013, benz, 200, Purchaged)</a> <!-- method navigator-link -->
                      </span>
                      <br/>
                      <span>
                        <img width="3%" src="passed.png"/>
                        <a href="#" class="method navigator-link" panel-name="suite-User_acceptance_TestSuite" title="testClassPackage.TestClass1" hash-for-method="testcase4_add_expenses(13, 10, 2012, audi, 200, Purchaged)">testcase4_add_expenses(13, 10, 2012, audi, 200, Purchaged)</a> <!-- method navigator-link -->
                      </span>
                      <br/>
                      <span>
                        <img width="3%" src="passed.png"/>
                        <a href="#" class="method navigator-link" panel-name="suite-User_acceptance_TestSuite" title="testClassPackage.TestClass1" hash-for-method="testcase4_add_expenses(13, 10, 2012, honda, 200, Purchaged)">testcase4_add_expenses(13, 10, 2012, honda, 200, Purchaged)</a> <!-- method navigator-link -->
                      </span>
                      <br/>
                      <span>
                        <img width="3%" src="passed.png"/>
                        <a href="#" class="method navigator-link" panel-name="suite-User_acceptance_TestSuite" title="testClassPackage.TestClass1" hash-for-method="testcase5_edit_expenses">testcase5_edit_expenses</a> <!-- method navigator-link -->
                      </span>
                      <br/>
                      <span>
                        <img width="3%" src="passed.png"/>
                        <a href="#" class="method navigator-link" panel-name="suite-User_acceptance_TestSuite" title="testClassPackage.TestClass1" hash-for-method="testcase6_delete_expenses">testcase6_delete_expenses</a> <!-- method navigator-link -->
                      </span>
                      <br/>
                      <span>
                        <img width="3%" src="passed.png"/>
                        <a href="#" class="method navigator-link" panel-name="suite-User_acceptance_TestSuite" title="testClassPackage.TestClass1" hash-for-method="testcase7_list_expenses">testcase7_list_expenses</a> <!-- method navigator-link -->
                      </span>
                      <br/>
                      <span>
                        <img width="3%" src="passed.png"/>
                        <a href="#" class="method navigator-link" panel-name="suite-User_acceptance_TestSuite" title="testClassPackage.TestClass1" hash-for-method="testcase8_edit_user_account(pass1, pass2, pass2)">testcase8_edit_user_account(pass1, pass2, pass2)</a> <!-- method navigator-link -->
                      </span>
                      <br/>
                    </div> <!-- method-list-content passed suite-User_acceptance_TestSuite -->
                  </li>
                </ul>
              </div> <!-- suite-section-content -->
            </div> <!-- result-section -->
          </div> <!-- navigator-suite-content -->
        </div> <!-- rounded-window -->
      </div> <!-- suite -->
    </div> <!-- navigator-root -->
    <div class="wrapper">
      <div class="main-panel-root">
        <div panel-name="suite-User_acceptance_TestSuite" class="panel User_acceptance_TestSuite">
          <div class="suite-User_acceptance_TestSuite-class-failed">
            <div class="main-panel-header rounded-window-top">
              <img src="failed.png"/>
              <span class="class-name">testClassPackage.TestClass1</span>
            </div> <!-- main-panel-header rounded-window-top -->
            <div class="main-panel-content rounded-window-bottom">
              <div class="method">
                <div class="method-content">
                  <a name="testcase8_edit_user_account(pass1, pass2,  )">
                  </a> <!-- testcase8_edit_user_account(pass1, pass2,  ) -->
                  <span class="method-name">testcase8_edit_user_account</span>
                  <span class="parameters">(pass1, pass2,  )</span>
                  <div class="stack-trace">java.lang.AssertionError: expected [http://thawing-shelf-73260.herokuapp.com/listexpenses] but found [http://thawing-shelf-73260.herokuapp.com/editaccount.jsp]
	at pageObjectsPackage.EditUserAccount.verifyEditAccount(EditUserAccount.java:66)
	at pageObjectsPackage.EditUserAccount.editUserAccount(EditUserAccount.java:81)
	at testClassPackage.TestClass1.testcase8_edit_user_account(TestClass1.java:119)
... Removed 29 stack frames
</div> <!-- stack-trace -->
                </div> <!-- method-content -->
              </div> <!-- method -->
              <div class="method">
                <div class="method-content">
                  <a name="testcase8_edit_user_account( , pass2, pass2)">
                  </a> <!-- testcase8_edit_user_account( , pass2, pass2) -->
                  <span class="method-name">testcase8_edit_user_account</span>
                  <span class="parameters">( , pass2, pass2)</span>
                  <div class="stack-trace">java.lang.AssertionError: expected [http://thawing-shelf-73260.herokuapp.com/listexpenses] but found [http://thawing-shelf-73260.herokuapp.com/editaccount]
	at pageObjectsPackage.EditUserAccount.verifyEditAccount(EditUserAccount.java:66)
	at pageObjectsPackage.EditUserAccount.editUserAccount(EditUserAccount.java:81)
	at testClassPackage.TestClass1.testcase8_edit_user_account(TestClass1.java:119)
... Removed 29 stack frames
</div> <!-- stack-trace -->
                </div> <!-- method-content -->
              </div> <!-- method -->
              <div class="method">
                <div class="method-content">
                  <a name="testcase8_edit_user_account(pass1, pass2, pass3)">
                  </a> <!-- testcase8_edit_user_account(pass1, pass2, pass3) -->
                  <span class="method-name">testcase8_edit_user_account</span>
                  <span class="parameters">(pass1, pass2, pass3)</span>
                  <div class="stack-trace">java.lang.AssertionError: expected [http://thawing-shelf-73260.herokuapp.com/listexpenses] but found [http://thawing-shelf-73260.herokuapp.com/editaccount.jsp]
	at pageObjectsPackage.EditUserAccount.verifyEditAccount(EditUserAccount.java:66)
	at pageObjectsPackage.EditUserAccount.editUserAccount(EditUserAccount.java:81)
	at testClassPackage.TestClass1.testcase8_edit_user_account(TestClass1.java:119)
... Removed 29 stack frames
</div> <!-- stack-trace -->
                </div> <!-- method-content -->
              </div> <!-- method -->
              <div class="method">
                <div class="method-content">
                  <a name="testcase8_edit_user_account(pass1 ,  , pass2)">
                  </a> <!-- testcase8_edit_user_account(pass1 ,  , pass2) -->
                  <span class="method-name">testcase8_edit_user_account</span>
                  <span class="parameters">(pass1 ,  , pass2)</span>
                  <div class="stack-trace">java.lang.AssertionError: expected [http://thawing-shelf-73260.herokuapp.com/listexpenses] but found [http://thawing-shelf-73260.herokuapp.com/editaccount.jsp]
	at pageObjectsPackage.EditUserAccount.verifyEditAccount(EditUserAccount.java:66)
	at pageObjectsPackage.EditUserAccount.editUserAccount(EditUserAccount.java:81)
	at testClassPackage.TestClass1.testcase8_edit_user_account(TestClass1.java:119)
... Removed 29 stack frames
</div> <!-- stack-trace -->
                </div> <!-- method-content -->
              </div> <!-- method -->
              <div class="method">
                <div class="method-content">
                  <a name="testcase9_edit_user_name">
                  </a> <!-- testcase9_edit_user_name -->
                  <span class="method-name">testcase9_edit_user_name</span>
                  <div class="stack-trace">org.openqa.selenium.InvalidElementStateException: Element is not enabled
Build info: version: &apos;3.5.3&apos;, revision: &apos;a88d25fe6b&apos;, time: &apos;2017-08-29T12:42:44.417Z&apos;
System info: host: &apos;DESKTOP-S094UKO&apos;, ip: &apos;192.168.56.1&apos;, os.name: &apos;Windows 10&apos;, os.arch: &apos;amd64&apos;, os.version: &apos;10.0&apos;, java.version: &apos;1.8.0_144&apos;
Driver info: org.openqa.selenium.firefox.FirefoxDriver
Capabilities [{moz:profile=C:\Users\HP\AppData\Local\Temp\rust_mozprofile.EBmnWy7pqhql, rotatable=false, timeouts={implicit=0, pageLoad=300000, script=30000}, pageLoadStrategy=normal, moz:headless=false, platform=XP, specificationLevel=0, moz:accessibilityChecks=false, acceptInsecureCerts=false, browserVersion=56.0, platformVersion=10.0, moz:processID=9092, browserName=firefox, javascriptEnabled=true, platformName=XP}]
Session ID: f84ac4f5-6aa8-470b-9743-d3df9160d70f
	at org.openqa.selenium.remote.http.W3CHttpResponseCodec.createException(W3CHttpResponseCodec.java:185)
	at org.openqa.selenium.remote.http.W3CHttpResponseCodec.decode(W3CHttpResponseCodec.java:120)
	at org.openqa.selenium.remote.http.W3CHttpResponseCodec.decode(W3CHttpResponseCodec.java:49)
	at org.openqa.selenium.remote.HttpCommandExecutor.execute(HttpCommandExecutor.java:164)
	at org.openqa.selenium.remote.service.DriverCommandExecutor.execute(DriverCommandExecutor.java:82)
	at org.openqa.selenium.remote.RemoteWebDriver.execute(RemoteWebDriver.java:646)
	at org.openqa.selenium.remote.RemoteWebElement.execute(RemoteWebElement.java:275)
	at org.openqa.selenium.remote.RemoteWebElement.click(RemoteWebElement.java:82)
	at pageObjectsPackage.EditUserAccount.validateEditUserName(EditUserAccount.java:91)
	at testClassPackage.TestClass1.testcase9_edit_user_name(TestClass1.java:124)
... Removed 28 stack frames
</div> <!-- stack-trace -->
                </div> <!-- method-content -->
              </div> <!-- method -->
            </div> <!-- main-panel-content rounded-window-bottom -->
          </div> <!-- suite-User_acceptance_TestSuite-class-failed -->
          <div class="suite-User_acceptance_TestSuite-class-failed">
            <div class="main-panel-header rounded-window-top">
              <img src="failed.png"/>
              <span class="class-name">testClassPackage.TestClass</span>
            </div> <!-- main-panel-header rounded-window-top -->
            <div class="main-panel-content rounded-window-bottom">
              <div class="method">
                <div class="method-content">
                  <a name="testcase1_create_new_user(Ramesh, 1234, 1234)">
                  </a> <!-- testcase1_create_new_user(Ramesh, 1234, 1234) -->
                  <span class="method-name">testcase1_create_new_user</span>
                  <span class="parameters">(Ramesh, 1234, 1234)</span>
                  <div class="stack-trace">org.openqa.selenium.NoSuchElementException: Unable to locate element: #logout
For documentation on this error, please visit: http://seleniumhq.org/exceptions/no_such_element.html
Build info: version: &apos;3.5.3&apos;, revision: &apos;a88d25fe6b&apos;, time: &apos;2017-08-29T12:42:44.417Z&apos;
System info: host: &apos;DESKTOP-S094UKO&apos;, ip: &apos;192.168.56.1&apos;, os.name: &apos;Windows 10&apos;, os.arch: &apos;amd64&apos;, os.version: &apos;10.0&apos;, java.version: &apos;1.8.0_144&apos;
Driver info: org.openqa.selenium.firefox.FirefoxDriver
Capabilities [{moz:profile=C:\Users\HP\AppData\Local\Temp\rust_mozprofile.iP8PirDoXxJv, rotatable=false, timeouts={implicit=0, pageLoad=300000, script=30000}, pageLoadStrategy=normal, moz:headless=false, platform=XP, specificationLevel=0, moz:accessibilityChecks=false, acceptInsecureCerts=false, browserVersion=56.0, platformVersion=10.0, moz:processID=2148, browserName=firefox, javascriptEnabled=true, platformName=XP}]
Session ID: 3eb74313-22c5-4486-870d-a7279b31cda7
*** Element info: {Using=id, value=logout}
	at org.openqa.selenium.remote.http.W3CHttpResponseCodec.createException(W3CHttpResponseCodec.java:185)
	at org.openqa.selenium.remote.http.W3CHttpResponseCodec.decode(W3CHttpResponseCodec.java:120)
	at org.openqa.selenium.remote.http.W3CHttpResponseCodec.decode(W3CHttpResponseCodec.java:49)
	at org.openqa.selenium.remote.HttpCommandExecutor.execute(HttpCommandExecutor.java:164)
	at org.openqa.selenium.remote.service.DriverCommandExecutor.execute(DriverCommandExecutor.java:82)
	at org.openqa.selenium.remote.RemoteWebDriver.execute(RemoteWebDriver.java:646)
	at org.openqa.selenium.remote.RemoteWebDriver.findElement(RemoteWebDriver.java:416)
	at org.openqa.selenium.remote.RemoteWebDriver.findElementById(RemoteWebDriver.java:462)
	at org.openqa.selenium.By$ById.findElement(By.java:218)
	at org.openqa.selenium.remote.RemoteWebDriver.findElement(RemoteWebDriver.java:408)
	at pageObjectsPackage.NewUserRegistrationPage.verifyRegistration(NewUserRegistrationPage.java:46)
	at pageObjectsPackage.NewUserRegistrationPage.newUserRegistration(NewUserRegistrationPage.java:61)
	at testClassPackage.TestClass.testcase1_create_new_user(TestClass.java:48)
... Removed 28 stack frames
</div> <!-- stack-trace -->
                </div> <!-- method-content -->
              </div> <!-- method -->
              <div class="method">
                <div class="method-content">
                  <a name="testcase1_create_new_user(Ramesh1, 1234, abcd)">
                  </a> <!-- testcase1_create_new_user(Ramesh1, 1234, abcd) -->
                  <span class="method-name">testcase1_create_new_user</span>
                  <span class="parameters">(Ramesh1, 1234, abcd)</span>
                  <div class="stack-trace">org.openqa.selenium.UnhandledAlertException: : 
Build info: version: &apos;3.5.3&apos;, revision: &apos;a88d25fe6b&apos;, time: &apos;2017-08-29T12:42:44.417Z&apos;
System info: host: &apos;DESKTOP-S094UKO&apos;, ip: &apos;192.168.56.1&apos;, os.name: &apos;Windows 10&apos;, os.arch: &apos;amd64&apos;, os.version: &apos;10.0&apos;, java.version: &apos;1.8.0_144&apos;
Driver info: org.openqa.selenium.firefox.FirefoxDriver
Capabilities [{moz:profile=C:\Users\HP\AppData\Local\Temp\rust_mozprofile.f0gZ3hG1fXzc, rotatable=false, timeouts={implicit=0, pageLoad=300000, script=30000}, pageLoadStrategy=normal, moz:headless=false, platform=XP, specificationLevel=0, moz:accessibilityChecks=false, acceptInsecureCerts=false, browserVersion=56.0, platformVersion=10.0, moz:processID=7824, browserName=firefox, javascriptEnabled=true, platformName=XP}]
Session ID: 21b5e6c9-c3ea-4fc4-a5a9-822947e6b06e
*** Element info: {Using=id, value=logout}
	at org.openqa.selenium.remote.http.W3CHttpResponseCodec.decode(W3CHttpResponseCodec.java:118)
	at org.openqa.selenium.remote.http.W3CHttpResponseCodec.decode(W3CHttpResponseCodec.java:49)
	at org.openqa.selenium.remote.HttpCommandExecutor.execute(HttpCommandExecutor.java:164)
	at org.openqa.selenium.remote.service.DriverCommandExecutor.execute(DriverCommandExecutor.java:82)
	at org.openqa.selenium.remote.RemoteWebDriver.execute(RemoteWebDriver.java:646)
	at org.openqa.selenium.remote.RemoteWebDriver.findElement(RemoteWebDriver.java:416)
	at org.openqa.selenium.remote.RemoteWebDriver.findElementById(RemoteWebDriver.java:462)
	at org.openqa.selenium.By$ById.findElement(By.java:218)
	at org.openqa.selenium.remote.RemoteWebDriver.findElement(RemoteWebDriver.java:408)
	at pageObjectsPackage.NewUserRegistrationPage.verifyRegistration(NewUserRegistrationPage.java:46)
	at pageObjectsPackage.NewUserRegistrationPage.newUserRegistration(NewUserRegistrationPage.java:61)
	at testClassPackage.TestClass.testcase1_create_new_user(TestClass.java:48)
... Removed 24 stack frames
</div> <!-- stack-trace -->
                </div> <!-- method-content -->
              </div> <!-- method -->
              <div class="method">
                <div class="method-content">
                  <a name="testcase2_login_to_tracker(wrongusername, pass1)">
                  </a> <!-- testcase2_login_to_tracker(wrongusername, pass1) -->
                  <span class="method-name">testcase2_login_to_tracker</span>
                  <span class="parameters">(wrongusername, pass1)</span>
                  <div class="stack-trace">org.openqa.selenium.NoSuchElementException: Unable to locate element: #logout
For documentation on this error, please visit: http://seleniumhq.org/exceptions/no_such_element.html
Build info: version: &apos;3.5.3&apos;, revision: &apos;a88d25fe6b&apos;, time: &apos;2017-08-29T12:42:44.417Z&apos;
System info: host: &apos;DESKTOP-S094UKO&apos;, ip: &apos;192.168.56.1&apos;, os.name: &apos;Windows 10&apos;, os.arch: &apos;amd64&apos;, os.version: &apos;10.0&apos;, java.version: &apos;1.8.0_144&apos;
Driver info: org.openqa.selenium.firefox.FirefoxDriver
Capabilities [{moz:profile=C:\Users\HP\AppData\Local\Temp\rust_mozprofile.bEdoYklzIBd6, rotatable=false, timeouts={implicit=0, pageLoad=300000, script=30000}, pageLoadStrategy=normal, moz:headless=false, platform=XP, specificationLevel=0, moz:accessibilityChecks=false, acceptInsecureCerts=false, browserVersion=56.0, platformVersion=10.0, moz:processID=7936, browserName=firefox, javascriptEnabled=true, platformName=XP}]
Session ID: 5e528862-433b-438c-855f-459f0070dc37
*** Element info: {Using=id, value=logout}
	at org.openqa.selenium.remote.http.W3CHttpResponseCodec.createException(W3CHttpResponseCodec.java:185)
	at org.openqa.selenium.remote.http.W3CHttpResponseCodec.decode(W3CHttpResponseCodec.java:120)
	at org.openqa.selenium.remote.http.W3CHttpResponseCodec.decode(W3CHttpResponseCodec.java:49)
	at org.openqa.selenium.remote.HttpCommandExecutor.execute(HttpCommandExecutor.java:164)
	at org.openqa.selenium.remote.service.DriverCommandExecutor.execute(DriverCommandExecutor.java:82)
	at org.openqa.selenium.remote.RemoteWebDriver.execute(RemoteWebDriver.java:646)
	at org.openqa.selenium.remote.RemoteWebDriver.findElement(RemoteWebDriver.java:416)
	at org.openqa.selenium.remote.RemoteWebDriver.findElementById(RemoteWebDriver.java:462)
	at org.openqa.selenium.By$ById.findElement(By.java:218)
	at org.openqa.selenium.remote.RemoteWebDriver.findElement(RemoteWebDriver.java:408)
	at pageObjectsPackage.LoginPage.verifyLogin(LoginPage.java:34)
	at pageObjectsPackage.LoginPage.loginToExpenseTracker(LoginPage.java:47)
	at testClassPackage.TestClass.testcase2_login_to_tracker(TestClass.java:62)
... Removed 28 stack frames
</div> <!-- stack-trace -->
                </div> <!-- method-content -->
              </div> <!-- method -->
              <div class="method">
                <div class="method-content">
                  <a name="testcase2_login_to_tracker(Ramesh, pass1)">
                  </a> <!-- testcase2_login_to_tracker(Ramesh, pass1) -->
                  <span class="method-name">testcase2_login_to_tracker</span>
                  <span class="parameters">(Ramesh, pass1)</span>
                  <div class="stack-trace">org.openqa.selenium.NoSuchElementException: Unable to locate element: #logout
For documentation on this error, please visit: http://seleniumhq.org/exceptions/no_such_element.html
Build info: version: &apos;3.5.3&apos;, revision: &apos;a88d25fe6b&apos;, time: &apos;2017-08-29T12:42:44.417Z&apos;
System info: host: &apos;DESKTOP-S094UKO&apos;, ip: &apos;192.168.56.1&apos;, os.name: &apos;Windows 10&apos;, os.arch: &apos;amd64&apos;, os.version: &apos;10.0&apos;, java.version: &apos;1.8.0_144&apos;
Driver info: org.openqa.selenium.firefox.FirefoxDriver
Capabilities [{moz:profile=C:\Users\HP\AppData\Local\Temp\rust_mozprofile.vUGp3J3aS5pH, rotatable=false, timeouts={implicit=0, pageLoad=300000, script=30000}, pageLoadStrategy=normal, moz:headless=false, platform=XP, specificationLevel=0, moz:accessibilityChecks=false, acceptInsecureCerts=false, browserVersion=56.0, platformVersion=10.0, moz:processID=3552, browserName=firefox, javascriptEnabled=true, platformName=XP}]
Session ID: c10442a9-2d83-4b98-8053-04aeb2e60be2
*** Element info: {Using=id, value=logout}
	at org.openqa.selenium.remote.http.W3CHttpResponseCodec.createException(W3CHttpResponseCodec.java:185)
	at org.openqa.selenium.remote.http.W3CHttpResponseCodec.decode(W3CHttpResponseCodec.java:120)
	at org.openqa.selenium.remote.http.W3CHttpResponseCodec.decode(W3CHttpResponseCodec.java:49)
	at org.openqa.selenium.remote.HttpCommandExecutor.execute(HttpCommandExecutor.java:164)
	at org.openqa.selenium.remote.service.DriverCommandExecutor.execute(DriverCommandExecutor.java:82)
	at org.openqa.selenium.remote.RemoteWebDriver.execute(RemoteWebDriver.java:646)
	at org.openqa.selenium.remote.RemoteWebDriver.findElement(RemoteWebDriver.java:416)
	at org.openqa.selenium.remote.RemoteWebDriver.findElementById(RemoteWebDriver.java:462)
	at org.openqa.selenium.By$ById.findElement(By.java:218)
	at org.openqa.selenium.remote.RemoteWebDriver.findElement(RemoteWebDriver.java:408)
	at pageObjectsPackage.LoginPage.verifyLogin(LoginPage.java:34)
	at pageObjectsPackage.LoginPage.loginToExpenseTracker(LoginPage.java:47)
	at testClassPackage.TestClass.testcase2_login_to_tracker(TestClass.java:62)
... Removed 28 stack frames
</div> <!-- stack-trace -->
                </div> <!-- method-content -->
              </div> <!-- method -->
              <div class="method">
                <div class="method-content">
                  <a name="testcase2_login_to_tracker(Ramesh, wrongpassword)">
                  </a> <!-- testcase2_login_to_tracker(Ramesh, wrongpassword) -->
                  <span class="method-name">testcase2_login_to_tracker</span>
                  <span class="parameters">(Ramesh, wrongpassword)</span>
                  <div class="stack-trace">org.openqa.selenium.NoSuchElementException: Unable to locate element: #logout
For documentation on this error, please visit: http://seleniumhq.org/exceptions/no_such_element.html
Build info: version: &apos;3.5.3&apos;, revision: &apos;a88d25fe6b&apos;, time: &apos;2017-08-29T12:42:44.417Z&apos;
System info: host: &apos;DESKTOP-S094UKO&apos;, ip: &apos;192.168.56.1&apos;, os.name: &apos;Windows 10&apos;, os.arch: &apos;amd64&apos;, os.version: &apos;10.0&apos;, java.version: &apos;1.8.0_144&apos;
Driver info: org.openqa.selenium.firefox.FirefoxDriver
Capabilities [{moz:profile=C:\Users\HP\AppData\Local\Temp\rust_mozprofile.Wzp94OjNmNl4, rotatable=false, timeouts={implicit=0, pageLoad=300000, script=30000}, pageLoadStrategy=normal, moz:headless=false, platform=XP, specificationLevel=0, moz:accessibilityChecks=false, acceptInsecureCerts=false, browserVersion=56.0, platformVersion=10.0, moz:processID=11188, browserName=firefox, javascriptEnabled=true, platformName=XP}]
Session ID: 7d624394-ee1d-4d59-8d5c-c197eedd9b45
*** Element info: {Using=id, value=logout}
	at org.openqa.selenium.remote.http.W3CHttpResponseCodec.createException(W3CHttpResponseCodec.java:185)
	at org.openqa.selenium.remote.http.W3CHttpResponseCodec.decode(W3CHttpResponseCodec.java:120)
	at org.openqa.selenium.remote.http.W3CHttpResponseCodec.decode(W3CHttpResponseCodec.java:49)
	at org.openqa.selenium.remote.HttpCommandExecutor.execute(HttpCommandExecutor.java:164)
	at org.openqa.selenium.remote.service.DriverCommandExecutor.execute(DriverCommandExecutor.java:82)
	at org.openqa.selenium.remote.RemoteWebDriver.execute(RemoteWebDriver.java:646)
	at org.openqa.selenium.remote.RemoteWebDriver.findElement(RemoteWebDriver.java:416)
	at org.openqa.selenium.remote.RemoteWebDriver.findElementById(RemoteWebDriver.java:462)
	at org.openqa.selenium.By$ById.findElement(By.java:218)
	at org.openqa.selenium.remote.RemoteWebDriver.findElement(RemoteWebDriver.java:408)
	at pageObjectsPackage.LoginPage.verifyLogin(LoginPage.java:34)
	at pageObjectsPackage.LoginPage.loginToExpenseTracker(LoginPage.java:47)
	at testClassPackage.TestClass.testcase2_login_to_tracker(TestClass.java:62)
... Removed 28 stack frames
</div> <!-- stack-trace -->
                </div> <!-- method-content -->
              </div> <!-- method -->
            </div> <!-- main-panel-content rounded-window-bottom -->
          </div> <!-- suite-User_acceptance_TestSuite-class-failed -->
          <div class="suite-User_acceptance_TestSuite-class-passed">
            <div class="main-panel-header rounded-window-top">
              <img src="passed.png"/>
              <span class="class-name">testClassPackage.TestClass1</span>
            </div> <!-- main-panel-header rounded-window-top -->
            <div class="main-panel-content rounded-window-bottom">
              <div class="method">
                <div class="method-content">
                  <a name="testcase1_create_category(Home loan)">
                  </a> <!-- testcase1_create_category(Home loan) -->
                  <span class="method-name">testcase1_create_category</span>
                  <span class="parameters">(Home loan)</span>
                </div> <!-- method-content -->
              </div> <!-- method -->
              <div class="method">
                <div class="method-content">
                  <a name="testcase1_create_category(education loan)">
                  </a> <!-- testcase1_create_category(education loan) -->
                  <span class="method-name">testcase1_create_category</span>
                  <span class="parameters">(education loan)</span>
                </div> <!-- method-content -->
              </div> <!-- method -->
              <div class="method">
                <div class="method-content">
                  <a name="testcase1_create_category(honda)">
                  </a> <!-- testcase1_create_category(honda) -->
                  <span class="method-name">testcase1_create_category</span>
                  <span class="parameters">(honda)</span>
                </div> <!-- method-content -->
              </div> <!-- method -->
              <div class="method">
                <div class="method-content">
                  <a name="testcase1_create_category(bmw)">
                  </a> <!-- testcase1_create_category(bmw) -->
                  <span class="method-name">testcase1_create_category</span>
                  <span class="parameters">(bmw)</span>
                </div> <!-- method-content -->
              </div> <!-- method -->
              <div class="method">
                <div class="method-content">
                  <a name="testcase1_create_category(hostel fee)">
                  </a> <!-- testcase1_create_category(hostel fee) -->
                  <span class="method-name">testcase1_create_category</span>
                  <span class="parameters">(hostel fee)</span>
                </div> <!-- method-content -->
              </div> <!-- method -->
              <div class="method">
                <div class="method-content">
                  <a name="testcase1_create_category(school fee)">
                  </a> <!-- testcase1_create_category(school fee) -->
                  <span class="method-name">testcase1_create_category</span>
                  <span class="parameters">(school fee)</span>
                </div> <!-- method-content -->
              </div> <!-- method -->
              <div class="method">
                <div class="method-content">
                  <a name="testcase1_create_category(audi)">
                  </a> <!-- testcase1_create_category(audi) -->
                  <span class="method-name">testcase1_create_category</span>
                  <span class="parameters">(audi)</span>
                </div> <!-- method-content -->
              </div> <!-- method -->
              <div class="method">
                <div class="method-content">
                  <a name="testcase1_create_category(benz)">
                  </a> <!-- testcase1_create_category(benz) -->
                  <span class="method-name">testcase1_create_category</span>
                  <span class="parameters">(benz)</span>
                </div> <!-- method-content -->
              </div> <!-- method -->
              <div class="method">
                <div class="method-content">
                  <a name="testcase2_edit_category">
                  </a> <!-- testcase2_edit_category -->
                  <span class="method-name">testcase2_edit_category</span>
                </div> <!-- method-content -->
              </div> <!-- method -->
              <div class="method">
                <div class="method-content">
                  <a name="testcase3_delete_category">
                  </a> <!-- testcase3_delete_category -->
                  <span class="method-name">testcase3_delete_category</span>
                </div> <!-- method-content -->
              </div> <!-- method -->
              <div class="method">
                <div class="method-content">
                  <a name="testcase4_add_expenses(13, 11, 2010, education loan, 200, Barrowed)">
                  </a> <!-- testcase4_add_expenses(13, 11, 2010, education loan, 200, Barrowed) -->
                  <span class="method-name">testcase4_add_expenses</span>
                  <span class="parameters">(13, 11, 2010, education loan, 200, Barrowed)</span>
                </div> <!-- method-content -->
              </div> <!-- method -->
              <div class="method">
                <div class="method-content">
                  <a name="testcase4_add_expenses(13, 12, 2011, hostel fee, 200, Paid)">
                  </a> <!-- testcase4_add_expenses(13, 12, 2011, hostel fee, 200, Paid) -->
                  <span class="method-name">testcase4_add_expenses</span>
                  <span class="parameters">(13, 12, 2011, hostel fee, 200, Paid)</span>
                </div> <!-- method-content -->
              </div> <!-- method -->
              <div class="method">
                <div class="method-content">
                  <a name="testcase4_add_expenses(13, 10, 2000, audi, 200, Purchaged)">
                  </a> <!-- testcase4_add_expenses(13, 10, 2000, audi, 200, Purchaged) -->
                  <span class="method-name">testcase4_add_expenses</span>
                  <span class="parameters">(13, 10, 2000, audi, 200, Purchaged)</span>
                </div> <!-- method-content -->
              </div> <!-- method -->
              <div class="method">
                <div class="method-content">
                  <a name="testcase4_add_expenses(13, 10, 2000, honda, 200, Purchaged)">
                  </a> <!-- testcase4_add_expenses(13, 10, 2000, honda, 200, Purchaged) -->
                  <span class="method-name">testcase4_add_expenses</span>
                  <span class="parameters">(13, 10, 2000, honda, 200, Purchaged)</span>
                </div> <!-- method-content -->
              </div> <!-- method -->
              <div class="method">
                <div class="method-content">
                  <a name="testcase4_add_expenses(13, 10, 2000, bmw, 200, Purchaged)">
                  </a> <!-- testcase4_add_expenses(13, 10, 2000, bmw, 200, Purchaged) -->
                  <span class="method-name">testcase4_add_expenses</span>
                  <span class="parameters">(13, 10, 2000, bmw, 200, Purchaged)</span>
                </div> <!-- method-content -->
              </div> <!-- method -->
              <div class="method">
                <div class="method-content">
                  <a name="testcase4_add_expenses(13, 10, 2012, bmw, 200, Purchaged)">
                  </a> <!-- testcase4_add_expenses(13, 10, 2012, bmw, 200, Purchaged) -->
                  <span class="method-name">testcase4_add_expenses</span>
                  <span class="parameters">(13, 10, 2012, bmw, 200, Purchaged)</span>
                </div> <!-- method-content -->
              </div> <!-- method -->
              <div class="method">
                <div class="method-content">
                  <a name="testcase4_add_expenses(13, 11, 2010, benz, 200, Purchaged)">
                  </a> <!-- testcase4_add_expenses(13, 11, 2010, benz, 200, Purchaged) -->
                  <span class="method-name">testcase4_add_expenses</span>
                  <span class="parameters">(13, 11, 2010, benz, 200, Purchaged)</span>
                </div> <!-- method-content -->
              </div> <!-- method -->
              <div class="method">
                <div class="method-content">
                  <a name="testcase4_add_expenses(13, 11, 2010, school fee, 200, Barrowed)">
                  </a> <!-- testcase4_add_expenses(13, 11, 2010, school fee, 200, Barrowed) -->
                  <span class="method-name">testcase4_add_expenses</span>
                  <span class="parameters">(13, 11, 2010, school fee, 200, Barrowed)</span>
                </div> <!-- method-content -->
              </div> <!-- method -->
              <div class="method">
                <div class="method-content">
                  <a name="testcase4_add_expenses(13, 12, 2011, school fee, 200, Paid)">
                  </a> <!-- testcase4_add_expenses(13, 12, 2011, school fee, 200, Paid) -->
                  <span class="method-name">testcase4_add_expenses</span>
                  <span class="parameters">(13, 12, 2011, school fee, 200, Paid)</span>
                </div> <!-- method-content -->
              </div> <!-- method -->
              <div class="method">
                <div class="method-content">
                  <a name="testcase4_add_expenses(13, 11, 2013, benz, 200, Purchaged)">
                  </a> <!-- testcase4_add_expenses(13, 11, 2013, benz, 200, Purchaged) -->
                  <span class="method-name">testcase4_add_expenses</span>
                  <span class="parameters">(13, 11, 2013, benz, 200, Purchaged)</span>
                </div> <!-- method-content -->
              </div> <!-- method -->
              <div class="method">
                <div class="method-content">
                  <a name="testcase4_add_expenses(13, 10, 2012, audi, 200, Purchaged)">
                  </a> <!-- testcase4_add_expenses(13, 10, 2012, audi, 200, Purchaged) -->
                  <span class="method-name">testcase4_add_expenses</span>
                  <span class="parameters">(13, 10, 2012, audi, 200, Purchaged)</span>
                </div> <!-- method-content -->
              </div> <!-- method -->
              <div class="method">
                <div class="method-content">
                  <a name="testcase4_add_expenses(13, 10, 2012, honda, 200, Purchaged)">
                  </a> <!-- testcase4_add_expenses(13, 10, 2012, honda, 200, Purchaged) -->
                  <span class="method-name">testcase4_add_expenses</span>
                  <span class="parameters">(13, 10, 2012, honda, 200, Purchaged)</span>
                </div> <!-- method-content -->
              </div> <!-- method -->
              <div class="method">
                <div class="method-content">
                  <a name="testcase5_edit_expenses">
                  </a> <!-- testcase5_edit_expenses -->
                  <span class="method-name">testcase5_edit_expenses</span>
                </div> <!-- method-content -->
              </div> <!-- method -->
              <div class="method">
                <div class="method-content">
                  <a name="testcase6_delete_expenses">
                  </a> <!-- testcase6_delete_expenses -->
                  <span class="method-name">testcase6_delete_expenses</span>
                </div> <!-- method-content -->
              </div> <!-- method -->
              <div class="method">
                <div class="method-content">
                  <a name="testcase7_list_expenses">
                  </a> <!-- testcase7_list_expenses -->
                  <span class="method-name">testcase7_list_expenses</span>
                </div> <!-- method-content -->
              </div> <!-- method -->
              <div class="method">
                <div class="method-content">
                  <a name="testcase8_edit_user_account(pass1, pass2, pass2)">
                  </a> <!-- testcase8_edit_user_account(pass1, pass2, pass2) -->
                  <span class="method-name">testcase8_edit_user_account</span>
                  <span class="parameters">(pass1, pass2, pass2)</span>
                </div> <!-- method-content -->
              </div> <!-- method -->
            </div> <!-- main-panel-content rounded-window-bottom -->
          </div> <!-- suite-User_acceptance_TestSuite-class-passed -->
          <div class="suite-User_acceptance_TestSuite-class-passed">
            <div class="main-panel-header rounded-window-top">
              <img src="passed.png"/>
              <span class="class-name">testClassPackage.TestClass</span>
            </div> <!-- main-panel-header rounded-window-top -->
            <div class="main-panel-content rounded-window-bottom">
              <div class="method">
                <div class="method-content">
                  <a name="testcase1_create_new_user(Ramesh1234, pass1, pass1)">
                  </a> <!-- testcase1_create_new_user(Ramesh1234, pass1, pass1) -->
                  <span class="method-name">testcase1_create_new_user</span>
                  <span class="parameters">(Ramesh1234, pass1, pass1)</span>
                </div> <!-- method-content -->
              </div> <!-- method -->
            </div> <!-- main-panel-content rounded-window-bottom -->
          </div> <!-- suite-User_acceptance_TestSuite-class-passed -->
        </div> <!-- panel User_acceptance_TestSuite -->
        <div panel-name="test-xml-User_acceptance_TestSuite" class="panel">
          <div class="main-panel-header rounded-window-top">
            <span class="header-content">C:\Users\HP\Documents\workspace\Testing\TestNG.xml</span>
          </div> <!-- main-panel-header rounded-window-top -->
          <div class="main-panel-content rounded-window-bottom">
            <pre>
&lt;?xml version=&quot;1.0&quot; encoding=&quot;UTF-8&quot;?&gt;
&lt;!DOCTYPE suite SYSTEM &quot;http://testng.org/testng-1.0.dtd&quot;&gt;
&lt;suite guice-stage=&quot;DEVELOPMENT&quot; name=&quot;User acceptance TestSuite&quot;&gt;
  &lt;test name=&quot;Expense Tracker Validattion&quot;&gt;
    &lt;classes&gt;
      &lt;class name=&quot;testClassPackage.TestClass&quot;/&gt;
      &lt;class name=&quot;testClassPackage.TestClass1&quot;/&gt;
    &lt;/classes&gt;
  &lt;/test&gt; &lt;!-- Expense Tracker Validattion --&gt;
&lt;/suite&gt; &lt;!-- User acceptance TestSuite --&gt;
            </pre>
          </div> <!-- main-panel-content rounded-window-bottom -->
        </div> <!-- panel -->
        <div panel-name="testlist-User_acceptance_TestSuite" class="panel">
          <div class="main-panel-header rounded-window-top">
            <span class="header-content">Tests for User acceptance TestSuite</span>
          </div> <!-- main-panel-header rounded-window-top -->
          <div class="main-panel-content rounded-window-bottom">
            <ul>
              <li>
                <span class="test-name">Expense Tracker Validattion (2 classes)</span>
              </li>
            </ul>
          </div> <!-- main-panel-content rounded-window-bottom -->
        </div> <!-- panel -->
        <div panel-name="group-User_acceptance_TestSuite" class="panel">
          <div class="main-panel-header rounded-window-top">
            <span class="header-content">Groups for User acceptance TestSuite</span>
          </div> <!-- main-panel-header rounded-window-top -->
          <div class="main-panel-content rounded-window-bottom">
          </div> <!-- main-panel-content rounded-window-bottom -->
        </div> <!-- panel -->
        <div panel-name="times-User_acceptance_TestSuite" class="panel">
          <div class="main-panel-header rounded-window-top">
            <span class="header-content">Times for User acceptance TestSuite</span>
          </div> <!-- main-panel-header rounded-window-top -->
          <div class="main-panel-content rounded-window-bottom">
            <div class="times-div">
              <script type="text/javascript">
suiteTableInitFunctions.push('tableData_User_acceptance_TestSuite');
function tableData_User_acceptance_TestSuite() {
var data = new google.visualization.DataTable();
data.addColumn('number', 'Number');
data.addColumn('string', 'Method');
data.addColumn('string', 'Class');
data.addColumn('number', 'Time (ms)');
data.addRows(37);
data.setCell(0, 0, 0)
data.setCell(0, 1, 'testcase7_list_expenses')
data.setCell(0, 2, 'testClassPackage.TestClass1')
data.setCell(0, 3, 11783);
data.setCell(1, 0, 1)
data.setCell(1, 1, 'testcase1_create_category')
data.setCell(1, 2, 'testClassPackage.TestClass1')
data.setCell(1, 3, 3361);
data.setCell(2, 0, 2)
data.setCell(2, 1, 'testcase1_create_category')
data.setCell(2, 2, 'testClassPackage.TestClass1')
data.setCell(2, 3, 3178);
data.setCell(3, 0, 3)
data.setCell(3, 1, 'testcase1_create_new_user')
data.setCell(3, 2, 'testClassPackage.TestClass')
data.setCell(3, 3, 3111);
data.setCell(4, 0, 4)
data.setCell(4, 1, 'testcase1_create_category')
data.setCell(4, 2, 'testClassPackage.TestClass1')
data.setCell(4, 3, 3002);
data.setCell(5, 0, 5)
data.setCell(5, 1, 'testcase2_edit_category')
data.setCell(5, 2, 'testClassPackage.TestClass1')
data.setCell(5, 3, 2746);
data.setCell(6, 0, 6)
data.setCell(6, 1, 'testcase2_login_to_tracker')
data.setCell(6, 2, 'testClassPackage.TestClass')
data.setCell(6, 3, 2712);
data.setCell(7, 0, 7)
data.setCell(7, 1, 'testcase5_edit_expenses')
data.setCell(7, 2, 'testClassPackage.TestClass1')
data.setCell(7, 3, 2689);
data.setCell(8, 0, 8)
data.setCell(8, 1, 'testcase2_login_to_tracker')
data.setCell(8, 2, 'testClassPackage.TestClass')
data.setCell(8, 3, 2673);
data.setCell(9, 0, 9)
data.setCell(9, 1, 'testcase2_login_to_tracker')
data.setCell(9, 2, 'testClassPackage.TestClass')
data.setCell(9, 3, 2615);
data.setCell(10, 0, 10)
data.setCell(10, 1, 'testcase1_create_category')
data.setCell(10, 2, 'testClassPackage.TestClass1')
data.setCell(10, 3, 2439);
data.setCell(11, 0, 11)
data.setCell(11, 1, 'testcase1_create_category')
data.setCell(11, 2, 'testClassPackage.TestClass1')
data.setCell(11, 3, 2434);
data.setCell(12, 0, 12)
data.setCell(12, 1, 'testcase1_create_category')
data.setCell(12, 2, 'testClassPackage.TestClass1')
data.setCell(12, 3, 2333);
data.setCell(13, 0, 13)
data.setCell(13, 1, 'testcase1_create_category')
data.setCell(13, 2, 'testClassPackage.TestClass1')
data.setCell(13, 3, 2324);
data.setCell(14, 0, 14)
data.setCell(14, 1, 'testcase4_add_expenses')
data.setCell(14, 2, 'testClassPackage.TestClass1')
data.setCell(14, 3, 2154);
data.setCell(15, 0, 15)
data.setCell(15, 1, 'testcase4_add_expenses')
data.setCell(15, 2, 'testClassPackage.TestClass1')
data.setCell(15, 3, 2125);
data.setCell(16, 0, 16)
data.setCell(16, 1, 'testcase4_add_expenses')
data.setCell(16, 2, 'testClassPackage.TestClass1')
data.setCell(16, 3, 2039);
data.setCell(17, 0, 17)
data.setCell(17, 1, 'testcase4_add_expenses')
data.setCell(17, 2, 'testClassPackage.TestClass1')
data.setCell(17, 3, 2038);
data.setCell(18, 0, 18)
data.setCell(18, 1, 'testcase4_add_expenses')
data.setCell(18, 2, 'testClassPackage.TestClass1')
data.setCell(18, 3, 2033);
data.setCell(19, 0, 19)
data.setCell(19, 1, 'testcase4_add_expenses')
data.setCell(19, 2, 'testClassPackage.TestClass1')
data.setCell(19, 3, 2027);
data.setCell(20, 0, 20)
data.setCell(20, 1, 'testcase4_add_expenses')
data.setCell(20, 2, 'testClassPackage.TestClass1')
data.setCell(20, 3, 2002);
data.setCell(21, 0, 21)
data.setCell(21, 1, 'testcase4_add_expenses')
data.setCell(21, 2, 'testClassPackage.TestClass1')
data.setCell(21, 3, 1962);
data.setCell(22, 0, 22)
data.setCell(22, 1, 'testcase4_add_expenses')
data.setCell(22, 2, 'testClassPackage.TestClass1')
data.setCell(22, 3, 1948);
data.setCell(23, 0, 23)
data.setCell(23, 1, 'testcase4_add_expenses')
data.setCell(23, 2, 'testClassPackage.TestClass1')
data.setCell(23, 3, 1942);
data.setCell(24, 0, 24)
data.setCell(24, 1, 'testcase4_add_expenses')
data.setCell(24, 2, 'testClassPackage.TestClass1')
data.setCell(24, 3, 1933);
data.setCell(25, 0, 25)
data.setCell(25, 1, 'testcase1_create_category')
data.setCell(25, 2, 'testClassPackage.TestClass1')
data.setCell(25, 3, 1917);
data.setCell(26, 0, 26)
data.setCell(26, 1, 'testcase4_add_expenses')
data.setCell(26, 2, 'testClassPackage.TestClass1')
data.setCell(26, 3, 1907);
data.setCell(27, 0, 27)
data.setCell(27, 1, 'testcase8_edit_user_account')
data.setCell(27, 2, 'testClassPackage.TestClass1')
data.setCell(27, 3, 1865);
data.setCell(28, 0, 28)
data.setCell(28, 1, 'testcase1_create_new_user')
data.setCell(28, 2, 'testClassPackage.TestClass')
data.setCell(28, 3, 1434);
data.setCell(29, 0, 29)
data.setCell(29, 1, 'testcase8_edit_user_account')
data.setCell(29, 2, 'testClassPackage.TestClass1')
data.setCell(29, 3, 1417);
data.setCell(30, 0, 30)
data.setCell(30, 1, 'testcase8_edit_user_account')
data.setCell(30, 2, 'testClassPackage.TestClass1')
data.setCell(30, 3, 1164);
data.setCell(31, 0, 31)
data.setCell(31, 1, 'testcase8_edit_user_account')
data.setCell(31, 2, 'testClassPackage.TestClass1')
data.setCell(31, 3, 1039);
data.setCell(32, 0, 32)
data.setCell(32, 1, 'testcase8_edit_user_account')
data.setCell(32, 2, 'testClassPackage.TestClass1')
data.setCell(32, 3, 1000);
data.setCell(33, 0, 33)
data.setCell(33, 1, 'testcase3_delete_category')
data.setCell(33, 2, 'testClassPackage.TestClass1')
data.setCell(33, 3, 981);
data.setCell(34, 0, 34)
data.setCell(34, 1, 'testcase9_edit_user_name')
data.setCell(34, 2, 'testClassPackage.TestClass1')
data.setCell(34, 3, 838);
data.setCell(35, 0, 35)
data.setCell(35, 1, 'testcase1_create_new_user')
data.setCell(35, 2, 'testClassPackage.TestClass')
data.setCell(35, 3, 716);
data.setCell(36, 0, 36)
data.setCell(36, 1, 'testcase6_delete_expenses')
data.setCell(36, 2, 'testClassPackage.TestClass1')
data.setCell(36, 3, 131);
window.suiteTableData['User_acceptance_TestSuite']= { tableData: data, tableDiv: 'times-div-User_acceptance_TestSuite'}
return data;
}
              </script>
              <span class="suite-total-time">Total running time: 1 minutes</span>
              <div id="times-div-User_acceptance_TestSuite">
              </div> <!-- times-div-User_acceptance_TestSuite -->
            </div> <!-- times-div -->
          </div> <!-- main-panel-content rounded-window-bottom -->
        </div> <!-- panel -->
        <div panel-name="reporter-User_acceptance_TestSuite" class="panel">
          <div class="main-panel-header rounded-window-top">
            <span class="header-content">Reporter output for User acceptance TestSuite</span>
          </div> <!-- main-panel-header rounded-window-top -->
          <div class="main-panel-content rounded-window-bottom">
            <div class="reporter-method-div">
              <span class="reporter-method-name">testcase8_edit_user_account(pass1, pass2, pass2)</span>
              <div class="reporter-method-output-div">
                <span class="reporter-method-output">user account edit is successful with valid inputs</span>
              </div> <!-- reporter-method-output-div -->
            </div> <!-- reporter-method-div -->
            <div class="reporter-method-div">
              <span class="reporter-method-name">testcase3_delete_category</span>
              <div class="reporter-method-output-div">
                <span class="reporter-method-output">clicked to delete the listed category</span>
                <span class="reporter-method-output">pop up alert before deleting</span>
                <span class="reporter-method-output">Accepted alert message and delete successful</span>
              </div> <!-- reporter-method-output-div -->
            </div> <!-- reporter-method-div -->
            <div class="reporter-method-div">
              <span class="reporter-method-name">testcase1_create_new_user(Ramesh1234, pass1, pass1)</span>
              <div class="reporter-method-output-div">
                <span class="reporter-method-output">Log out button found with id, New user registration is successful</span>
              </div> <!-- reporter-method-output-div -->
            </div> <!-- reporter-method-div -->
            <div class="reporter-method-div">
              <span class="reporter-method-name">testcase5_edit_expenses</span>
              <div class="reporter-method-output-div">
                <span class="reporter-method-output">Size of the list: 10</span>
                <span class="reporter-method-output">clicked to edit the listed expenses</span>
                <span class="reporter-method-output">Expense modification is successful</span>
              </div> <!-- reporter-method-output-div -->
            </div> <!-- reporter-method-div -->
            <div class="reporter-method-div">
              <span class="reporter-method-name">testcase2_edit_category</span>
              <div class="reporter-method-output-div">
                <span class="reporter-method-output">clicked to edit the listed category</span>
              </div> <!-- reporter-method-output-div -->
            </div> <!-- reporter-method-div -->
            <div class="reporter-method-div">
              <span class="reporter-method-name">testcase6_delete_expenses</span>
              <div class="reporter-method-output-div">
                <span class="reporter-method-output">clicked to delete the listed expenses</span>
                <span class="reporter-method-output">pop up alert before deleting</span>
                <span class="reporter-method-output">Accepted alert message and delete successful</span>
              </div> <!-- reporter-method-output-div -->
            </div> <!-- reporter-method-div -->
            <div class="reporter-method-div">
              <span class="reporter-method-name">testcase7_list_expenses</span>
              <div class="reporter-method-output-div">
                <span class="reporter-method-output">List of expenses are :</span>
                <span class="reporter-method-output">14.10.18</span>
                <span class="reporter-method-output">bmw</span>
                <span class="reporter-method-output">5.000,00 </span>
                <span class="reporter-method-output">edited_expense</span>
                <span class="reporter-method-output"></span>
                <span class="reporter-method-output">13.10.12</span>
                <span class="reporter-method-output">audi</span>
                <span class="reporter-method-output">200,00 </span>
                <span class="reporter-method-output">Purchaged</span>
                <span class="reporter-method-output"></span>
                <span class="reporter-method-output">13.10.12</span>
                <span class="reporter-method-output">bmw</span>
                <span class="reporter-method-output">200,00 </span>
                <span class="reporter-method-output">Purchaged</span>
                <span class="reporter-method-output"></span>
                <span class="reporter-method-output">13.10.12</span>
                <span class="reporter-method-output">honda</span>
                <span class="reporter-method-output">200,00 </span>
                <span class="reporter-method-output">Purchaged</span>
                <span class="reporter-method-output"></span>
                <span class="reporter-method-output">13.12.11</span>
                <span class="reporter-method-output">hostel fee</span>
                <span class="reporter-method-output">200,00 </span>
                <span class="reporter-method-output">Paid</span>
                <span class="reporter-method-output"></span>
                <span class="reporter-method-output">13.12.11</span>
                <span class="reporter-method-output">school fee</span>
                <span class="reporter-method-output">200,00 </span>
                <span class="reporter-method-output">Paid</span>
                <span class="reporter-method-output"></span>
                <span class="reporter-method-output">13.11.10</span>
                <span class="reporter-method-output">education loan</span>
                <span class="reporter-method-output">200,00 </span>
                <span class="reporter-method-output">Barrowed</span>
                <span class="reporter-method-output"></span>
                <span class="reporter-method-output">13.11.10</span>
                <span class="reporter-method-output">school fee</span>
                <span class="reporter-method-output">200,00 </span>
                <span class="reporter-method-output">Barrowed</span>
                <span class="reporter-method-output"></span>
                <span class="reporter-method-output">13.11.10</span>
                <span class="reporter-method-output">benz</span>
                <span class="reporter-method-output">200,00 </span>
                <span class="reporter-method-output">Purchaged</span>
                <span class="reporter-method-output"></span>
                <span class="reporter-method-output">13.10.00</span>
                <span class="reporter-method-output">audi</span>
                <span class="reporter-method-output">200,00 </span>
                <span class="reporter-method-output">Purchaged</span>
                <span class="reporter-method-output"></span>
              </div> <!-- reporter-method-output-div -->
            </div> <!-- reporter-method-div -->
            <div class="reporter-method-div">
              <span class="reporter-method-name">testcase8_edit_user_account(pass1, pass2,  )</span>
              <div class="reporter-method-output-div">
                <span class="reporter-method-output">pop up alert displaying error message: 'Error: New Passwords aren't equal!'</span>
                <span class="reporter-method-output">user account edit is not successful</span>
              </div> <!-- reporter-method-output-div -->
            </div> <!-- reporter-method-div -->
            <div class="reporter-method-div">
              <span class="reporter-method-name">testcase8_edit_user_account(pass1, pass2, pass3)</span>
              <div class="reporter-method-output-div">
                <span class="reporter-method-output">pop up alert displaying error message: 'Error: New Passwords aren't equal!'</span>
                <span class="reporter-method-output">user account edit is not successful</span>
              </div> <!-- reporter-method-output-div -->
            </div> <!-- reporter-method-div -->
            <div class="reporter-method-div">
              <span class="reporter-method-name">testcase8_edit_user_account(pass1 ,  , pass2)</span>
              <div class="reporter-method-output-div">
                <span class="reporter-method-output">pop up alert displaying error message: 'Error: New Passwords aren't equal!'</span>
                <span class="reporter-method-output">user account edit is not successful</span>
              </div> <!-- reporter-method-output-div -->
            </div> <!-- reporter-method-div -->
            <div class="reporter-method-div">
              <span class="reporter-method-name">testcase9_edit_user_name</span>
              <div class="reporter-method-output-div">
                <span class="reporter-method-output">Is user name is enabled to edit ? : false</span>
                <span class="reporter-method-output">User Name cannot be modified</span>
              </div> <!-- reporter-method-output-div -->
            </div> <!-- reporter-method-div -->
          </div> <!-- main-panel-content rounded-window-bottom -->
        </div> <!-- panel -->
        <div panel-name="ignored-methods-User_acceptance_TestSuite" class="panel">
          <div class="main-panel-header rounded-window-top">
            <span class="header-content">0 ignored methods</span>
          </div> <!-- main-panel-header rounded-window-top -->
          <div class="main-panel-content rounded-window-bottom">
          </div> <!-- main-panel-content rounded-window-bottom -->
        </div> <!-- panel -->
        <div panel-name="chronological-User_acceptance_TestSuite" class="panel">
          <div class="main-panel-header rounded-window-top">
            <span class="header-content">Methods in chronological order</span>
          </div> <!-- main-panel-header rounded-window-top -->
          <div class="main-panel-content rounded-window-bottom">
            <div class="chronological-class">
              <div class="chronological-class-name">testClassPackage.TestClass</div> <!-- chronological-class-name -->
              <div class="configuration-method before">
                <span class="method-name">SetUp</span>
                <span class="method-start">0 ms</span>
              </div> <!-- configuration-method before -->
              <div class="test-method">
                <span class="method-name">testcase1_create_new_user(Ramesh1234, pass1, pass1)</span>
                <span class="method-start">5645 ms</span>
              </div> <!-- test-method -->
              <div class="configuration-method after">
                <span class="method-name">tearDown</span>
                <span class="method-start">7094 ms</span>
              </div> <!-- configuration-method after -->
              <div class="configuration-method before">
                <span class="method-name">SetUp</span>
                <span class="method-start">7580 ms</span>
              </div> <!-- configuration-method before -->
              <div class="test-method">
                <img src="failed.png">
                </img>
                <span class="method-name">testcase1_create_new_user(Ramesh, 1234, 1234)</span>
                <span class="method-start">12193 ms</span>
              </div> <!-- test-method -->
              <div class="configuration-method after">
                <span class="method-name">tearDown</span>
                <span class="method-start">15304 ms</span>
              </div> <!-- configuration-method after -->
              <div class="configuration-method before">
                <span class="method-name">SetUp</span>
                <span class="method-start">15620 ms</span>
              </div> <!-- configuration-method before -->
              <div class="test-method">
                <img src="failed.png">
                </img>
                <span class="method-name">testcase1_create_new_user(Ramesh1, 1234, abcd)</span>
                <span class="method-start">20154 ms</span>
              </div> <!-- test-method -->
              <div class="configuration-method after">
                <span class="method-name">tearDown</span>
                <span class="method-start">20870 ms</span>
              </div> <!-- configuration-method after -->
              <div class="configuration-method before">
                <span class="method-name">SetUp</span>
                <span class="method-start">21233 ms</span>
              </div> <!-- configuration-method before -->
              <div class="test-method">
                <img src="failed.png">
                </img>
                <span class="method-name">testcase2_login_to_tracker(Ramesh, pass1)</span>
                <span class="method-start">27026 ms</span>
              </div> <!-- test-method -->
              <div class="configuration-method after">
                <span class="method-name">tearDown</span>
                <span class="method-start">29641 ms</span>
              </div> <!-- configuration-method after -->
              <div class="configuration-method before">
                <span class="method-name">SetUp</span>
                <span class="method-start">30010 ms</span>
              </div> <!-- configuration-method before -->
              <div class="test-method">
                <img src="failed.png">
                </img>
                <span class="method-name">testcase2_login_to_tracker(wrongusername, pass1)</span>
                <span class="method-start">34512 ms</span>
              </div> <!-- test-method -->
              <div class="configuration-method after">
                <span class="method-name">tearDown</span>
                <span class="method-start">37224 ms</span>
              </div> <!-- configuration-method after -->
              <div class="configuration-method before">
                <span class="method-name">SetUp</span>
                <span class="method-start">37610 ms</span>
              </div> <!-- configuration-method before -->
              <div class="test-method">
                <img src="failed.png">
                </img>
                <span class="method-name">testcase2_login_to_tracker(Ramesh, wrongpassword)</span>
                <span class="method-start">41947 ms</span>
              </div> <!-- test-method -->
              <div class="configuration-method after">
                <span class="method-name">tearDown</span>
                <span class="method-start">44620 ms</span>
              </div> <!-- configuration-method after -->
            </div> <!-- chronological-class -->
            <div class="chronological-class">
              <div class="chronological-class-name">testClassPackage.TestClass1</div> <!-- chronological-class-name -->
              <div class="configuration-class before">
                <span class="method-name">SetUp</span>
                <span class="method-start">45005 ms</span>
              </div> <!-- configuration-class before -->
              <div class="test-method">
                <span class="method-name">testcase1_create_category(bmw)</span>
                <span class="method-start">56001 ms</span>
              </div> <!-- test-method -->
              <div class="test-method">
                <span class="method-name">testcase1_create_category(honda)</span>
                <span class="method-start">58440 ms</span>
              </div> <!-- test-method -->
              <div class="test-method">
                <span class="method-name">testcase1_create_category(audi)</span>
                <span class="method-start">60357 ms</span>
              </div> <!-- test-method -->
              <div class="test-method">
                <span class="method-name">testcase1_create_category(benz)</span>
                <span class="method-start">62791 ms</span>
              </div> <!-- test-method -->
              <div class="test-method">
                <span class="method-name">testcase1_create_category(Home loan)</span>
                <span class="method-start">65969 ms</span>
              </div> <!-- test-method -->
              <div class="test-method">
                <span class="method-name">testcase1_create_category(education loan)</span>
                <span class="method-start">68302 ms</span>
              </div> <!-- test-method -->
              <div class="test-method">
                <span class="method-name">testcase1_create_category(school fee)</span>
                <span class="method-start">70626 ms</span>
              </div> <!-- test-method -->
              <div class="test-method">
                <span class="method-name">testcase1_create_category(hostel fee)</span>
                <span class="method-start">73628 ms</span>
              </div> <!-- test-method -->
              <div class="test-method">
                <span class="method-name">testcase2_edit_category</span>
                <span class="method-start">76989 ms</span>
              </div> <!-- test-method -->
              <div class="test-method">
                <span class="method-name">testcase3_delete_category</span>
                <span class="method-start">79737 ms</span>
              </div> <!-- test-method -->
              <div class="test-method">
                <span class="method-name">testcase4_add_expenses(13, 10, 2000, honda, 200, Purchaged)</span>
                <span class="method-start">80718 ms</span>
              </div> <!-- test-method -->
              <div class="test-method">
                <span class="method-name">testcase4_add_expenses(13, 10, 2000, bmw, 200, Purchaged)</span>
                <span class="method-start">82843 ms</span>
              </div> <!-- test-method -->
              <div class="test-method">
                <span class="method-name">testcase4_add_expenses(13, 10, 2000, audi, 200, Purchaged)</span>
                <span class="method-start">84751 ms</span>
              </div> <!-- test-method -->
              <div class="test-method">
                <span class="method-name">testcase4_add_expenses(13, 11, 2010, benz, 200, Purchaged)</span>
                <span class="method-start">86784 ms</span>
              </div> <!-- test-method -->
              <div class="test-method">
                <span class="method-name">testcase4_add_expenses(13, 11, 2010, school fee, 200, Barrowed)</span>
                <span class="method-start">88822 ms</span>
              </div> <!-- test-method -->
              <div class="test-method">
                <span class="method-name">testcase4_add_expenses(13, 11, 2010, education loan, 200, Barrowed)</span>
                <span class="method-start">90784 ms</span>
              </div> <!-- test-method -->
              <div class="test-method">
                <span class="method-name">testcase4_add_expenses(13, 12, 2011, school fee, 200, Paid)</span>
                <span class="method-start">92732 ms</span>
              </div> <!-- test-method -->
              <div class="test-method">
                <span class="method-name">testcase4_add_expenses(13, 12, 2011, hostel fee, 200, Paid)</span>
                <span class="method-start">94771 ms</span>
              </div> <!-- test-method -->
              <div class="test-method">
                <span class="method-name">testcase4_add_expenses(13, 10, 2012, honda, 200, Purchaged)</span>
                <span class="method-start">96798 ms</span>
              </div> <!-- test-method -->
              <div class="test-method">
                <span class="method-name">testcase4_add_expenses(13, 10, 2012, bmw, 200, Purchaged)</span>
                <span class="method-start">98731 ms</span>
              </div> <!-- test-method -->
              <div class="test-method">
                <span class="method-name">testcase4_add_expenses(13, 10, 2012, audi, 200, Purchaged)</span>
                <span class="method-start">100885 ms</span>
              </div> <!-- test-method -->
              <div class="test-method">
                <span class="method-name">testcase4_add_expenses(13, 11, 2013, benz, 200, Purchaged)</span>
                <span class="method-start">102827 ms</span>
              </div> <!-- test-method -->
              <div class="test-method">
                <span class="method-name">testcase5_edit_expenses</span>
                <span class="method-start">104844 ms</span>
              </div> <!-- test-method -->
              <div class="test-method">
                <span class="method-name">testcase6_delete_expenses</span>
                <span class="method-start">107533 ms</span>
              </div> <!-- test-method -->
              <div class="test-method">
                <span class="method-name">testcase7_list_expenses</span>
                <span class="method-start">107664 ms</span>
              </div> <!-- test-method -->
              <div class="test-method">
                <img src="failed.png">
                </img>
                <span class="method-name">testcase8_edit_user_account(pass1 ,  , pass2)</span>
                <span class="method-start">119447 ms</span>
              </div> <!-- test-method -->
              <div class="test-method">
                <img src="failed.png">
                </img>
                <span class="method-name">testcase8_edit_user_account(pass1, pass2,  )</span>
                <span class="method-start">120611 ms</span>
              </div> <!-- test-method -->
              <div class="test-method">
                <img src="failed.png">
                </img>
                <span class="method-name">testcase8_edit_user_account( , pass2, pass2)</span>
                <span class="method-start">121611 ms</span>
              </div> <!-- test-method -->
              <div class="test-method">
                <img src="failed.png">
                </img>
                <span class="method-name">testcase8_edit_user_account(pass1, pass2, pass3)</span>
                <span class="method-start">123028 ms</span>
              </div> <!-- test-method -->
              <div class="test-method">
                <span class="method-name">testcase8_edit_user_account(pass1, pass2, pass2)</span>
                <span class="method-start">124067 ms</span>
              </div> <!-- test-method -->
              <div class="test-method">
                <img src="failed.png">
                </img>
                <span class="method-name">testcase9_edit_user_name</span>
                <span class="method-start">125932 ms</span>
              </div> <!-- test-method -->
              <div class="configuration-class after">
                <span class="method-name">tearDown</span>
                <span class="method-start">126770 ms</span>
              </div> <!-- configuration-class after -->
          </div> <!-- main-panel-content rounded-window-bottom -->
        </div> <!-- panel -->
      </div> <!-- main-panel-root -->
    </div> <!-- wrapper -->
  </body>
</html>
